TN:
SF:src/RoycoFactory.sol
DA:81,60
FN:81,RoycoFactory.deployMarket
FNDA:60,RoycoFactory.deployMarket
DA:83,60
DA:86,45
DA:89,41
DA:92,33
DA:94,33
DA:101,248
FN:101,RoycoFactory.predictERC1967ProxyAddress
FNDA:248,RoycoFactory.predictERC1967ProxyAddress
DA:102,248
DA:108,45
FN:108,RoycoFactory._deployContracts
FNDA:45,RoycoFactory._deployContracts
DA:115,45
DA:119,45
DA:122,45
DA:126,45
DA:130,45
DA:131,45
BRDA:131,0,0,1
BRDA:131,0,1,44
DA:134,44
DA:135,44
BRDA:135,1,0,1
BRDA:135,1,1,43
DA:138,43
DA:139,43
BRDA:139,2,0,1
BRDA:139,2,1,42
DA:142,42
DA:143,42
BRDA:143,3,0,1
BRDA:143,3,1,41
DA:148,41
FN:148,RoycoFactory._validateDeployment
FNDA:41,RoycoFactory._validateDeployment
DA:150,41
BRDA:150,4,0,1
BRDA:150,4,1,40
DA:151,40
BRDA:151,5,0,1
BRDA:151,5,1,39
DA:152,39
BRDA:152,6,0,1
BRDA:152,6,1,38
DA:153,38
BRDA:153,7,0,1
BRDA:153,7,1,37
DA:156,37
BRDA:156,8,0,1
BRDA:156,8,1,36
DA:157,36
BRDA:157,9,0,1
BRDA:157,9,1,35
DA:160,35
BRDA:160,10,0,1
BRDA:160,10,1,34
DA:163,34
BRDA:163,11,0,1
BRDA:163,11,1,33
DA:168,60
FN:168,RoycoFactory._validateDeploymentParams
FNDA:60,RoycoFactory._validateDeploymentParams
DA:169,60
BRDA:169,12,0,1
BRDA:169,12,1,59
DA:170,59
BRDA:170,13,0,1
BRDA:170,13,1,58
DA:171,58
BRDA:171,14,0,1
BRDA:171,14,1,57
DA:172,57
BRDA:172,15,0,1
BRDA:172,15,1,56
DA:173,56
BRDA:173,16,0,1
BRDA:173,16,1,55
DA:174,55
BRDA:174,17,0,1
BRDA:174,17,1,54
DA:175,54
BRDA:175,18,0,1
BRDA:175,18,1,53
DA:177,53
BRDA:177,19,0,1
BRDA:177,19,1,52
DA:178,52
BRDA:178,20,0,1
BRDA:178,20,1,51
DA:180,51
BRDA:180,21,0,1
BRDA:180,21,1,50
DA:181,50
BRDA:181,22,0,1
BRDA:181,22,1,49
DA:183,49
BRDA:183,23,0,1
BRDA:183,23,1,48
DA:184,48
BRDA:184,24,0,1
BRDA:184,24,1,47
DA:185,47
BRDA:185,25,0,1
BRDA:185,25,1,46
DA:186,46
BRDA:186,26,0,1
BRDA:186,26,1,45
DA:191,33
FN:191,RoycoFactory._configureRoles
FNDA:33,RoycoFactory._configureRoles
DA:193,33
DA:194,33
DA:195,33
DA:198,33
DA:199,33
DA:200,33
DA:201,33
DA:202,33
DA:205,33
DA:208,33
DA:213,66
FN:213,RoycoFactory._configureRolesForTranche
FNDA:66,RoycoFactory._configureRolesForTranche
DA:214,66
DA:215,66
DA:216,66
DA:217,66
DA:218,66
DA:219,66
DA:220,66
DA:221,66
DA:222,66
DA:223,66
DA:224,66
DA:231,180
FN:231,RoycoFactory._deployERC1967ProxyDeterministic
FNDA:180,RoycoFactory._deployERC1967ProxyDeterministic
DA:232,180
FNF:8
FNH:8
LF:71
LH:71
BRF:54
BRH:54
end_of_record
TN:
SF:src/accountant/RoycoAccountant.sol
DA:18,100
FN:18,RoycoAccountant.onlyRoycoKernel
FNDA:100,RoycoAccountant.onlyRoycoKernel
DA:19,100
BRDA:19,0,0,-
BRDA:19,0,1,853
DA:28,42
FN:28,RoycoAccountant.initialize
FNDA:42,RoycoAccountant.initialize
DA:30,42
DA:32,42
BRDA:32,1,0,-
BRDA:32,1,1,42
DA:34,42
BRDA:34,2,0,-
BRDA:34,2,1,42
DA:36,42
DA:38,42
DA:42,853
FN:42,RoycoAccountant.preOpSyncTrancheAccounting
FNDA:853,RoycoAccountant.preOpSyncTrancheAccounting
DA:52,853
DA:55,853
DA:56,853
DA:59,0
BRDA:59,3,0,-
DA:62,0
DA:66,853
DA:67,853
DA:68,853
DA:69,853
DA:70,853
DA:71,853
DA:75,4726
FN:75,RoycoAccountant.previewSyncTrancheAccounting
FNDA:4726,RoycoAccountant.previewSyncTrancheAccounting
DA:84,4726
DA:88,753
FN:88,RoycoAccountant.postOpSyncTrancheAccounting
FNDA:753,RoycoAccountant.postOpSyncTrancheAccounting
DA:99,853
DA:100,853
BRDA:100,4,0,100
BRDA:100,4,1,-
DA:102,100
DA:103,100
BRDA:103,5,0,-
BRDA:103,5,1,100
DA:105,100
DA:107,100
DA:108,753
BRDA:108,6,0,753
BRDA:108,6,1,-
DA:110,753
DA:111,753
BRDA:111,7,0,-
BRDA:111,7,1,753
DA:113,753
DA:115,753
DA:119,0
DA:120,0
DA:123,0
DA:124,0
DA:126,0
BRDA:126,8,0,-
BRDA:126,8,1,-
DA:127,0
BRDA:127,9,0,-
BRDA:127,9,1,-
DA:130,0
DA:132,0
DA:135,0
DA:136,0
BRDA:136,10,0,-
DA:137,0
DA:140,0
DA:141,0
BRDA:141,11,0,-
DA:142,0
DA:144,0
BRDA:144,12,0,-
DA:145,0
BRDA:145,13,0,-
BRDA:145,13,1,-
DA:149,0
DA:151,0
BRDA:151,14,0,-
BRDA:151,14,1,-
DA:156,853
DA:160,853
BRDA:160,15,0,-
BRDA:160,15,1,853
DA:164,100
FN:164,RoycoAccountant.postOpSyncTrancheAccountingAndEnforceCoverage
FNDA:100,RoycoAccountant.postOpSyncTrancheAccountingAndEnforceCoverage
DA:175,100
DA:177,100
BRDA:177,16,0,100
BRDA:177,16,1,-
DA:193,0
FN:193,RoycoAccountant.isCoverageRequirementSatisfied
FNDA:0,RoycoAccountant.isCoverageRequirementSatisfied
DA:195,100
DA:197,100
DA:198,100
DA:207,0
FN:207,RoycoAccountant.maxSTDepositGivenCoverage
FNDA:0,RoycoAccountant.maxSTDepositGivenCoverage
DA:209,0
DA:211,0
DA:214,0
DA:216,0
DA:218,0
DA:220,0
DA:229,653
FN:229,RoycoAccountant.maxJTWithdrawalGivenCoverage
FNDA:653,RoycoAccountant.maxJTWithdrawalGivenCoverage
DA:231,653
DA:232,653
DA:233,653
DA:235,653
DA:238,653
DA:240,653
DA:242,653
DA:244,653
DA:246,653
DA:257,6232
FN:257,RoycoAccountant._previewSyncTrancheAccounting
FNDA:6232,RoycoAccountant._previewSyncTrancheAccounting
DA:267,6232
DA:271,6232
DA:272,6232
DA:275,6232
DA:276,6232
DA:277,6232
DA:278,6232
DA:279,6232
DA:280,6232
DA:283,6232
BRDA:283,17,0,-
BRDA:283,17,1,-
DA:285,0
DA:286,0
DA:287,0
BRDA:287,18,0,-
DA:289,0
DA:291,0
DA:294,0
BRDA:294,19,0,-
DA:296,0
DA:300,0
DA:301,0
DA:304,6232
BRDA:304,20,0,-
DA:305,0
DA:307,0
DA:308,0
BRDA:308,21,0,-
DA:312,0
DA:313,0
DA:315,0
DA:316,0
DA:319,0
BRDA:319,22,0,-
DA:321,0
DA:323,0
DA:328,6232
BRDA:328,23,0,-
BRDA:328,23,1,-
DA:329,0
DA:331,0
DA:332,0
BRDA:332,24,0,-
DA:333,0
DA:335,0
DA:338,0
DA:339,0
BRDA:339,25,0,-
DA:341,0
DA:343,0
DA:346,6232
BRDA:346,26,0,-
DA:347,0
DA:350,0
DA:351,0
BRDA:351,27,0,-
DA:353,0
DA:354,0
DA:356,0
DA:360,0
DA:361,0
BRDA:361,28,0,-
DA:363,0
DA:364,0
DA:366,0
DA:369,0
BRDA:369,29,0,-
DA:371,0
DA:373,0
DA:374,0
DA:376,0
BRDA:376,30,0,-
DA:378,0
DA:380,0
BRDA:380,31,0,-
DA:382,0
DA:383,0
DA:384,0
DA:388,0
DA:390,0
DA:392,0
DA:396,6232
BRDA:396,32,0,-
BRDA:396,32,1,6232
DA:398,6232
DA:408,853
FN:408,RoycoAccountant._accrueJTYieldShare
FNDA:853,RoycoAccountant._accrueJTYieldShare
DA:410,853
DA:413,853
DA:414,853
BRDA:414,33,0,400
DA:415,400
DA:416,400
DA:420,453
DA:422,453
BRDA:422,34,0,453
DA:425,0
DA:427,0
BRDA:427,35,0,-
DA:429,0
DA:430,0
DA:438,5379
FN:438,RoycoAccountant._previewJTYieldShareAccrual
FNDA:5379,RoycoAccountant._previewJTYieldShareAccrual
DA:440,5379
DA:443,5379
DA:444,5379
BRDA:444,36,0,808
DA:447,4571
DA:449,4571
BRDA:449,37,0,4571
DA:452,0
DA:454,0
BRDA:454,38,0,-
DA:456,0
DA:460,0
FN:460,RoycoAccountant.setRDM
FNDA:0,RoycoAccountant.setRDM
DA:462,0
BRDA:462,39,0,-
BRDA:462,39,1,-
DA:464,0
DA:468,0
FN:468,RoycoAccountant.setProtocolFee
FNDA:0,RoycoAccountant.setProtocolFee
DA:470,0
BRDA:470,40,0,-
BRDA:470,40,1,-
DA:472,0
DA:476,0
FN:476,RoycoAccountant.setCoverage
FNDA:0,RoycoAccountant.setCoverage
DA:477,0
DA:479,0
DA:481,0
DA:485,0
FN:485,RoycoAccountant.setBeta
FNDA:0,RoycoAccountant.setBeta
DA:486,0
DA:488,0
DA:490,0
DA:494,35
FN:494,RoycoAccountant.getState
FNDA:35,RoycoAccountant.getState
DA:495,35
DA:504,42
FN:504,RoycoAccountant._validateCoverageRequirement
FNDA:42,RoycoAccountant._validateCoverageRequirement
DA:506,42
BRDA:506,41,0,-
BRDA:506,41,1,42
DA:508,42
BRDA:508,42,0,-
BRDA:508,42,1,42
FNF:18
FNH:12
LF:186
LH:85
BRF:63
BRH:16
end_of_record
TN:
SF:src/auth/RoycoAuth.sol
DA:13,170
FN:13,RoycoAuth.__RoycoAuth_init
FNDA:170,RoycoAuth.__RoycoAuth_init
DA:14,170
DA:15,170
DA:19,0
FN:19,RoycoAuth.pause
FNDA:0,RoycoAuth.pause
DA:20,0
DA:24,0
FN:24,RoycoAuth.unpause
FNDA:0,RoycoAuth.unpause
DA:25,0
FNF:3
FNH:1
LF:7
LH:3
BRF:0
BRH:0
end_of_record
TN:
SF:src/base/RoycoBase.sol
DA:9,240
FN:9,RoycoBase.constructor
FNDA:240,RoycoBase.constructor
DA:10,240
DA:15,170
FN:15,RoycoBase.__RoycoBase_init
FNDA:170,RoycoBase.__RoycoBase_init
DA:16,170
DA:20,0
FN:20,RoycoBase._authorizeUpgrade
FNDA:0,RoycoBase._authorizeUpgrade
FNF:3
FNH:2
LF:5
LH:4
BRF:0
BRH:0
end_of_record
TN:
SF:src/kernels/ERC4626ST_AaveV3JT_Kernel.sol
DA:13,41
FN:13,ERC4626ST_AaveV3JT_Kernel.initialize
FNDA:41,ERC4626ST_AaveV3JT_Kernel.initialize
DA:15,41
DA:16,41
DA:19,41
DA:21,41
DA:23,41
DA:27,0
FN:27,ERC4626ST_AaveV3JT_Kernel.stConvertTrancheUnitsToNAVUnits
FNDA:0,ERC4626ST_AaveV3JT_Kernel.stConvertTrancheUnitsToNAVUnits
DA:30,0
FN:30,ERC4626ST_AaveV3JT_Kernel.jtConvertTrancheUnitsToNAVUnits
FNDA:0,ERC4626ST_AaveV3JT_Kernel.jtConvertTrancheUnitsToNAVUnits
DA:33,0
FN:33,ERC4626ST_AaveV3JT_Kernel.stConvertNAVUnitsToTrancheUnits
FNDA:0,ERC4626ST_AaveV3JT_Kernel.stConvertNAVUnitsToTrancheUnits
DA:36,0
FN:36,ERC4626ST_AaveV3JT_Kernel.jtConvertNAVUnitsToTrancheUnits
FNDA:0,ERC4626ST_AaveV3JT_Kernel.jtConvertNAVUnitsToTrancheUnits
DA:39,7940
FN:39,ERC4626ST_AaveV3JT_Kernel._getJuniorTrancheRawNAV
FNDA:7940,ERC4626ST_AaveV3JT_Kernel._getJuniorTrancheRawNAV
DA:42,7940
DA:46,7940
FN:46,ERC4626ST_AaveV3JT_Kernel._getSeniorTrancheRawNAV
FNDA:7940,ERC4626ST_AaveV3JT_Kernel._getSeniorTrancheRawNAV
DA:49,7940
DA:50,7940
DA:51,7940
FNF:7
FNH:3
LF:16
LH:12
BRF:0
BRH:0
end_of_record
TN:
SF:src/kernels/base/RoycoKernel.sol
DA:25,0
FN:25,RoycoKernel.onlySeniorTranche
FNDA:0,RoycoKernel.onlySeniorTranche
DA:26,0
BRDA:26,0,0,-
BRDA:26,0,1,100
DA:32,0
FN:32,RoycoKernel.onlyJuniorTranche
FNDA:0,RoycoKernel.onlyJuniorTranche
DA:33,0
BRDA:33,1,0,-
BRDA:33,1,1,-
DA:45,41
FN:45,RoycoKernel.__RoycoKernel_init
FNDA:41,RoycoKernel.__RoycoKernel_init
DA:46,41
DA:47,41
DA:57,41
FN:57,RoycoKernel.__RoycoKernel_init_unchained
FNDA:41,RoycoKernel.__RoycoKernel_init_unchained
DA:59,41
BRDA:59,2,0,-
BRDA:59,2,1,41
DA:65,41
DA:69,0
FN:69,RoycoKernel.stMaxAssetsDeposit
FNDA:0,RoycoKernel.stMaxAssetsDeposit
DA:70,0
DA:71,0
DA:75,0
FN:75,RoycoKernel.stMaxWithdrawableNAV
FNDA:0,RoycoKernel.stMaxWithdrawableNAV
DA:77,0
DA:81,0
FN:81,RoycoKernel.jtMaxAssetsDeposit
FNDA:0,RoycoKernel.jtMaxAssetsDeposit
DA:82,0
DA:86,653
FN:86,RoycoKernel.jtMaxWithdrawableNAV
FNDA:653,RoycoKernel.jtMaxWithdrawableNAV
DA:88,653
DA:92,855
FN:92,RoycoKernel.getSTRawNAV
FNDA:855,RoycoKernel.getSTRawNAV
DA:93,855
DA:97,855
FN:97,RoycoKernel.getJTRawNAV
FNDA:855,RoycoKernel.getJTRawNAV
DA:98,855
DA:102,857
FN:102,RoycoKernel.getJTAssetClaims
FNDA:857,RoycoKernel.getJTAssetClaims
DA:103,857
DA:107,857
FN:107,RoycoKernel.getSTAssetClaims
FNDA:857,RoycoKernel.getSTAssetClaims
DA:108,857
DA:112,36
FN:112,RoycoKernel.getState
FNDA:36,RoycoKernel.getState
DA:113,36
DA:117,0
FN:117,RoycoKernel.syncTrancheAccounting
FNDA:0,RoycoKernel.syncTrancheAccounting
DA:119,0
DA:123,3012
FN:123,RoycoKernel.previewSyncTrancheAccounting
FNDA:3012,RoycoKernel.previewSyncTrancheAccounting
DA:130,4726
DA:133,4726
DA:136,4726
DA:141,4726
DA:142,4726
BRDA:142,3,0,1710
BRDA:142,3,1,3016
DA:143,1710
DA:145,3016
DA:157,0
FN:157,RoycoKernel._preOpSyncTrancheAccounting.0
FNDA:0,RoycoKernel._preOpSyncTrancheAccounting.0
DA:162,0
DA:165,0
DA:166,0
DA:167,0
DA:168,0
DA:170,0
BRDA:170,4,0,-
DA:171,0
DA:175,0
BRDA:175,5,0,-
DA:176,0
DA:181,0
DA:184,0
DA:187,0
DA:200,0
FN:200,RoycoKernel._postOpSyncTrancheAccounting.0
FNDA:0,RoycoKernel._postOpSyncTrancheAccounting.0
DA:208,0
DA:211,0
DA:214,0
DA:224,853
FN:224,RoycoKernel._preOpSyncTrancheAccounting.1
FNDA:853,RoycoKernel._preOpSyncTrancheAccounting.1
DA:226,853
DA:235,753
FN:235,RoycoKernel._postOpSyncTrancheAccounting.1
FNDA:753,RoycoKernel._postOpSyncTrancheAccounting.1
DA:237,753
DA:246,100
FN:246,RoycoKernel._postOpSyncTrancheAccountingAndEnforceCoverage
FNDA:100,RoycoKernel._postOpSyncTrancheAccountingAndEnforceCoverage
DA:248,100
DA:259,4726
FN:259,RoycoKernel._decomposeNAVClaims
FNDA:4726,RoycoKernel._decomposeNAVClaims
DA:265,4726
DA:266,4726
DA:269,4726
DA:270,4726
DA:284,4726
FN:284,RoycoKernel._marshalTrancheAssetClaims
FNDA:4726,RoycoKernel._marshalTrancheAssetClaims
DA:297,4726
BRDA:297,6,0,1710
BRDA:297,6,1,3016
DA:298,1710
BRDA:298,7,0,-
DA:299,1710
BRDA:299,8,0,-
DA:300,1710
DA:302,3016
BRDA:302,9,0,-
DA:303,3016
BRDA:303,10,0,2612
DA:304,3016
DA:310,7085
FN:310,RoycoKernel._accountant
FNDA:7085,RoycoKernel._accountant
DA:311,7085
FNF:23
FNH:15
LF:77
LH:47
BRF:16
BRH:7
end_of_record
TN:
SF:src/kernels/base/junior/AaveV3JTKernel.sol
DA:41,41
FN:41,AaveV3JTKernel.__AaveV3JTKernel_init_unchained
FNDA:41,AaveV3JTKernel.__AaveV3JTKernel_init_unchained
DA:43,41
DA:44,41
BRDA:44,0,0,-
BRDA:44,0,1,41
DA:47,41
DA:50,41
DA:54,0
FN:54,AaveV3JTKernel.jtPreviewDeposit
FNDA:0,AaveV3JTKernel.jtPreviewDeposit
DA:56,0
DA:57,0
DA:61,753
FN:61,AaveV3JTKernel.jtDeposit
FNDA:753,AaveV3JTKernel.jtDeposit
DA:73,753
DA:74,753
DA:77,753
DA:81,753
DA:85,0
FN:85,AaveV3JTKernel.jtRedeem
FNDA:0,AaveV3JTKernel.jtRedeem
DA:96,0
DA:97,0
DA:98,0
DA:101,0
BRDA:101,1,0,-
BRDA:101,1,1,-
DA:104,0
DA:107,0
DA:108,0
BRDA:108,2,0,-
DA:111,0
DA:112,0
BRDA:112,3,0,-
DA:115,0
DA:119,0
FN:119,AaveV3JTKernel._withdrawJTAssets
FNDA:0,AaveV3JTKernel._withdrawJTAssets
DA:120,0
DA:125,0
FN:125,AaveV3JTKernel._jtMaxAssetDepositGlobally
FNDA:0,AaveV3JTKernel._jtMaxAssetDepositGlobally
DA:127,0
DA:128,0
DA:129,0
DA:132,0
DA:133,0
BRDA:133,4,0,-
DA:136,0
DA:137,0
BRDA:137,5,0,-
DA:140,0
DA:141,0
DA:143,0
DA:146,0
DA:152,0
FN:152,AaveV3JTKernel._getTotalAccruedToTreasuryAndLent
FNDA:0,AaveV3JTKernel._getTotalAccruedToTreasuryAndLent
DA:160,0
DA:161,0
DA:164,0
DA:165,0
DA:168,0
DA:172,0
DA:173,0
DA:175,0
BRDA:175,6,0,-
BRDA:175,6,1,-
DA:179,0
FN:179,AaveV3JTKernel._maxJTWithdrawalGlobally
FNDA:0,AaveV3JTKernel._maxJTWithdrawalGlobally
DA:181,0
DA:182,0
DA:183,0
DA:186,0
DA:187,0
BRDA:187,7,0,-
DA:190,0
FNF:8
FNH:2
LF:54
LH:10
BRF:11
BRH:1
end_of_record
TN:
SF:src/kernels/base/junior/BaseAsyncJTRedemptionDelayKernel.sol
DA:64,0
FN:64,BaseAsyncJTRedemptionDelayKernel.__BaseAsyncJTRedemptionDelayKernel_init
FNDA:0,BaseAsyncJTRedemptionDelayKernel.__BaseAsyncJTRedemptionDelayKernel_init
DA:65,0
DA:68,0
FN:68,BaseAsyncJTRedemptionDelayKernel.__BaseAsyncJTRedemptionDelayKernel_init_unchained
FNDA:0,BaseAsyncJTRedemptionDelayKernel.__BaseAsyncJTRedemptionDelayKernel_init_unchained
DA:69,0
BRDA:69,0,0,-
BRDA:69,0,1,-
DA:70,0
DA:74,0
FN:74,BaseAsyncJTRedemptionDelayKernel.jtPreviewRedeem
FNDA:0,BaseAsyncJTRedemptionDelayKernel.jtPreviewRedeem
DA:75,0
DA:83,0
FN:83,BaseAsyncJTRedemptionDelayKernel.jtRequestRedeem
FNDA:0,BaseAsyncJTRedemptionDelayKernel.jtRequestRedeem
DA:84,0
DA:87,0
DA:89,0
DA:90,0
BRDA:90,1,0,-
BRDA:90,1,1,-
DA:93,0
DA:96,0
DA:100,0
DA:101,0
DA:102,0
DA:105,0
DA:109,0
FN:109,BaseAsyncJTRedemptionDelayKernel.jtPendingRedeemRequest
FNDA:0,BaseAsyncJTRedemptionDelayKernel.jtPendingRedeemRequest
DA:110,0
BRDA:110,2,0,-
BRDA:110,2,1,-
DA:111,0
DA:112,0
DA:115,0
BRDA:115,3,0,-
DA:116,0
DA:120,0
BRDA:120,4,0,-
DA:121,0
DA:124,0
DA:128,0
FN:128,BaseAsyncJTRedemptionDelayKernel.jtClaimableRedeemRequest
FNDA:0,BaseAsyncJTRedemptionDelayKernel.jtClaimableRedeemRequest
DA:129,0
BRDA:129,5,0,-
BRDA:129,5,1,-
DA:131,0
DA:137,0
FN:137,BaseAsyncJTRedemptionDelayKernel._jtClaimableRedeemRequest
FNDA:0,BaseAsyncJTRedemptionDelayKernel._jtClaimableRedeemRequest
DA:138,0
DA:139,0
DA:142,0
BRDA:142,6,0,-
DA:143,0
DA:147,0
BRDA:147,7,0,-
DA:148,0
DA:151,0
DA:159,0
FN:159,BaseAsyncJTRedemptionDelayKernel.jtCancelRedeemRequest
FNDA:0,BaseAsyncJTRedemptionDelayKernel.jtCancelRedeemRequest
DA:160,0
BRDA:160,8,0,-
BRDA:160,8,1,-
DA:161,0
DA:162,0
DA:164,0
BRDA:164,9,0,-
BRDA:164,9,1,-
DA:165,0
DA:169,0
FN:169,BaseAsyncJTRedemptionDelayKernel.jtClaimCancelRedeemRequest
FNDA:0,BaseAsyncJTRedemptionDelayKernel.jtClaimCancelRedeemRequest
DA:170,0
BRDA:170,10,0,-
BRDA:170,10,1,-
DA:171,0
DA:172,0
DA:174,0
BRDA:174,11,0,-
BRDA:174,11,1,-
DA:175,0
DA:176,0
BRDA:176,12,0,-
BRDA:176,12,1,-
DA:182,0
FN:182,BaseAsyncJTRedemptionDelayKernel.jtClaimableCancelRedeemRequest
FNDA:0,BaseAsyncJTRedemptionDelayKernel.jtClaimableCancelRedeemRequest
DA:183,0
BRDA:183,13,0,-
BRDA:183,13,1,-
DA:184,0
DA:187,0
BRDA:187,14,0,-
DA:188,0
DA:191,0
DA:195,0
FN:195,BaseAsyncJTRedemptionDelayKernel.jtPendingCancelRedeemRequest
FNDA:0,BaseAsyncJTRedemptionDelayKernel.jtPendingCancelRedeemRequest
DA:197,0
DA:202,0
FN:202,BaseAsyncJTRedemptionDelayKernel.setRedemptionDelay
FNDA:0,BaseAsyncJTRedemptionDelayKernel.setRedemptionDelay
DA:203,0
DA:204,0
DA:209,0
FN:209,BaseAsyncJTRedemptionDelayKernel.redemptionDelay
FNDA:0,BaseAsyncJTRedemptionDelayKernel.redemptionDelay
DA:210,0
DA:219,0
FN:219,BaseAsyncJTRedemptionDelayKernel._processClaimableRedeemRequest
FNDA:0,BaseAsyncJTRedemptionDelayKernel._processClaimableRedeemRequest
DA:228,0
DA:229,0
DA:233,0
DA:234,0
DA:235,0
DA:237,0
DA:238,0
BRDA:238,15,0,-
BRDA:238,15,1,-
DA:240,0
DA:241,0
DA:253,0
FN:253,BaseAsyncJTRedemptionDelayKernel._redemptionValue
FNDA:0,BaseAsyncJTRedemptionDelayKernel._redemptionValue
DA:254,0
DA:257,0
FN:257,BaseAsyncJTRedemptionDelayKernel._getBaseAsyncJTRedemptionDelayKernelState
FNDA:0,BaseAsyncJTRedemptionDelayKernel._getBaseAsyncJTRedemptionDelayKernelState
DA:259,0
FNF:16
FNH:0
LF:78
LH:0
BRF:27
BRH:0
end_of_record
TN:
SF:src/kernels/base/senior/ERC4626STKernel.sol
DA:36,41
FN:36,ERC4626STKernel.__ERC4626STKernel_init_unchained
FNDA:41,ERC4626STKernel.__ERC4626STKernel_init_unchained
DA:38,41
BRDA:38,0,0,-
BRDA:38,0,1,41
DA:41,41
DA:44,41
DA:48,0
FN:48,ERC4626STKernel.stPreviewDeposit
FNDA:0,ERC4626STKernel.stPreviewDeposit
DA:49,0
DA:52,0
DA:55,0
DA:57,0
DA:58,0
DA:62,100
FN:62,ERC4626STKernel.stDeposit
FNDA:100,ERC4626STKernel.stDeposit
DA:74,100
DA:77,100
DA:80,100
DA:81,0
DA:85,0
FN:85,ERC4626STKernel.stPreviewRedeem
FNDA:0,ERC4626STKernel.stPreviewRedeem
DA:87,0
DA:88,0
DA:89,0
DA:93,0
FN:93,ERC4626STKernel.stRedeem
FNDA:0,ERC4626STKernel.stRedeem
DA:105,0
DA:106,0
DA:107,0
DA:110,0
BRDA:110,1,0,-
DA:113,0
BRDA:113,2,0,-
DA:116,0
DA:120,0
FN:120,ERC4626STKernel._withdrawSTAssets
FNDA:0,ERC4626STKernel._withdrawSTAssets
DA:121,0
DA:125,0
FN:125,ERC4626STKernel._maxSTDepositGlobally
FNDA:0,ERC4626STKernel._maxSTDepositGlobally
DA:127,0
DA:131,0
FN:131,ERC4626STKernel._maxSTWithdrawalGlobally
FNDA:0,ERC4626STKernel._maxSTWithdrawalGlobally
DA:133,0
FNF:8
FNH:2
LF:32
LH:8
BRF:4
BRH:1
end_of_record
TN:
SF:src/libraries/RoycoAccountantStorageLib.sol
DA:70,16806
FN:70,RoycoAccountantStorageLib._getRoycoAccountantStorage
FNDA:16806,RoycoAccountantStorageLib._getRoycoAccountantStorage
DA:72,16806
DA:78,42
FN:78,RoycoAccountantStorageLib.__RoycoAccountant_init
FNDA:42,RoycoAccountantStorageLib.__RoycoAccountant_init
DA:80,42
DA:81,42
DA:82,42
DA:83,42
DA:84,42
DA:85,42
FNF:2
FNH:2
LF:9
LH:9
BRF:0
BRH:0
end_of_record
TN:
SF:src/libraries/RoycoKernelStorageLib.sol
DA:47,13494
FN:47,RoycoKernelStorageLib._getRoycoKernelStorage
FNDA:13494,RoycoKernelStorageLib._getRoycoKernelStorage
DA:49,13494
DA:55,41
FN:55,RoycoKernelStorageLib.__RoycoKernel_init
FNDA:41,RoycoKernelStorageLib.__RoycoKernel_init
DA:57,41
DA:58,41
DA:59,41
DA:60,41
DA:61,41
DA:62,41
DA:63,41
FNF:2
FNH:2
LF:10
LH:10
BRF:0
BRH:0
end_of_record
TN:
SF:src/libraries/RoycoTrancheStorageLib.sol
DA:43,20750
FN:43,RoycoTrancheStorageLib._getRoycoTrancheStorage
FNDA:20750,RoycoTrancheStorageLib._getRoycoTrancheStorage
DA:45,20750
DA:58,87
FN:58,RoycoTrancheStorageLib.__RoycoTranche_init
FNDA:87,RoycoTrancheStorageLib.__RoycoTranche_init
DA:69,87
DA:70,87
DA:71,87
DA:72,87
DA:73,87
DA:74,87
DA:75,87
DA:76,87
DA:77,87
BRDA:77,0,0,44
BRDA:77,0,1,43
DA:78,44
DA:79,44
DA:81,43
DA:82,43
FNF:2
FNH:2
LF:16
LH:16
BRF:2
BRH:2
end_of_record
TN:
SF:src/libraries/Units.sol
DA:22,0
FN:22,UnitsMathLib.min.0
FNDA:0,UnitsMathLib.min.0
DA:23,0
DA:32,0
FN:32,UnitsMathLib.min.1
FNDA:0,UnitsMathLib.min.1
DA:33,0
DA:42,13317
FN:42,UnitsMathLib.computeNAVDelta
FNDA:13317,UnitsMathLib.computeNAVDelta
DA:43,13317
DA:52,19557
FN:52,UnitsMathLib.saturatingSub
FNDA:19557,UnitsMathLib.saturatingSub
DA:53,19557
DA:64,0
FN:64,UnitsMathLib.mulDiv.0
FNDA:0,UnitsMathLib.mulDiv.0
DA:65,0
DA:76,5035
FN:76,UnitsMathLib.mulDiv.1
FNDA:5035,UnitsMathLib.mulDiv.1
DA:77,5035
DA:88,717
FN:88,UnitsMathLib.mulDiv.2
FNDA:717,UnitsMathLib.mulDiv.2
DA:89,717
DA:100,0
FN:100,UnitsMathLib.mulDiv.3
FNDA:0,UnitsMathLib.mulDiv.3
DA:101,0
DA:112,0
FN:112,UnitsMathLib.mulDiv.4
FNDA:0,UnitsMathLib.mulDiv.4
DA:113,0
DA:124,4718
FN:124,UnitsMathLib.mulDiv.5
FNDA:4718,UnitsMathLib.mulDiv.5
DA:125,4718
FNF:10
FNH:5
LF:20
LH:10
BRF:0
BRH:0
end_of_record
TN:
SF:src/libraries/UtilsLib.sol
DA:24,820
FN:24,UtilsLib.computeUtilization
FNDA:820,UtilsLib.computeUtilization
DA:36,820
BRDA:36,0,0,103
DA:38,717
DA:46,2359
FN:46,UtilsLib.scaleTrancheAssetsClaim
FNDA:2359,UtilsLib.scaleTrancheAssetsClaim
DA:55,2359
DA:56,2359
DA:57,2359
FNF:2
FNH:2
LF:7
LH:7
BRF:1
BRH:1
end_of_record
TN:
SF:src/libraries/kernels/AaveV3KernelStorageLib.sol
DA:26,8734
FN:26,AaveV3KernelStorageLib._getAaveV3KernelStorage
FNDA:8734,AaveV3KernelStorageLib._getAaveV3KernelStorage
DA:28,8734
DA:36,41
FN:36,AaveV3KernelStorageLib.__AaveV3Kernel_init
FNDA:41,AaveV3KernelStorageLib.__AaveV3Kernel_init
DA:38,41
DA:39,41
DA:40,41
DA:41,41
FNF:2
FNH:2
LF:7
LH:7
BRF:0
BRH:0
end_of_record
TN:
SF:src/libraries/kernels/ERC4626STKernelStorageLib.sol
DA:24,8081
FN:24,ERC4626STKernelStorageLib._getERC4626STKernelStorage
FNDA:8081,ERC4626STKernelStorageLib._getERC4626STKernelStorage
DA:26,8081
DA:32,41
FN:32,ERC4626STKernelStorageLib.__ERC4626STKernel_init
FNDA:41,ERC4626STKernelStorageLib.__ERC4626STKernel_init
DA:33,41
DA:34,41
FNF:2
FNH:2
LF:5
LH:5
BRF:0
BRH:0
end_of_record
TN:
SF:src/libraries/kernels/ERC7540KernelStorageLib.sol
DA:26,0
FN:26,ERC7540KernelStorageLib._getERC7540KernelStorage
FNDA:0,ERC7540KernelStorageLib._getERC7540KernelStorage
DA:28,0
DA:35,0
FN:35,ERC7540KernelStorageLib.__ERC7540Kernel_init
FNDA:0,ERC7540KernelStorageLib.__ERC7540Kernel_init
DA:37,0
DA:38,0
DA:39,0
FNF:2
FNH:0
LF:6
LH:0
BRF:0
BRH:0
end_of_record
TN:
SF:src/rdm/StaticCurveRDM.sol
DA:38,215
FN:38,StaticCurveRDM.previewJTYieldShare
FNDA:215,StaticCurveRDM.previewJTYieldShare
DA:49,215
DA:53,3
FN:53,StaticCurveRDM.jtYieldShare
FNDA:3,StaticCurveRDM.jtYieldShare
DA:64,3
DA:68,218
FN:68,StaticCurveRDM._computeJTYieldShare
FNDA:218,StaticCurveRDM._computeJTYieldShare
DA:94,218
DA:97,218
BRDA:97,0,0,95
BRDA:97,0,1,112
DA:99,95
DA:100,123
BRDA:100,1,0,11
BRDA:100,1,1,112
DA:102,11
DA:105,112
FNF:3
FNH:3
LF:11
LH:11
BRF:4
BRH:4
end_of_record
TN:
SF:src/tranches/RoycoJT.sol
DA:14,43
FN:14,RoycoJT.initialize
FNDA:43,RoycoJT.initialize
DA:16,43
DA:20,0
FN:20,RoycoJT.TRANCHE_TYPE
FNDA:0,RoycoJT.TRANCHE_TYPE
DA:21,5318
FNF:2
FNH:1
LF:4
LH:3
BRF:0
BRH:0
end_of_record
TN:
SF:src/tranches/RoycoST.sol
DA:14,44
FN:14,RoycoST.initialize
FNDA:44,RoycoST.initialize
DA:16,44
DA:20,0
FN:20,RoycoST.TRANCHE_TYPE
FNDA:0,RoycoST.TRANCHE_TYPE
DA:21,2707
FNF:2
FNH:1
LF:4
LH:3
BRF:0
BRH:0
end_of_record
TN:
SF:src/tranches/RoycoVaultTranche.sol
DA:53,0
FN:53,RoycoVaultTranche.executionIsSync
FNDA:0,RoycoVaultTranche.executionIsSync
DA:54,0
BRDA:54,0,0,-
BRDA:54,0,1,-
DA:62,0
FN:62,RoycoVaultTranche.executionIsAsync
FNDA:0,RoycoVaultTranche.executionIsAsync
DA:63,0
BRDA:63,1,0,-
BRDA:63,1,1,-
DA:70,0
FN:70,RoycoVaultTranche.onlyCallerOrOperator
FNDA:0,RoycoVaultTranche.onlyCallerOrOperator
DA:71,0
DA:78,853
FN:78,RoycoVaultTranche._onlyCallerOrOperator
FNDA:853,RoycoVaultTranche._onlyCallerOrOperator
DA:79,853
BRDA:79,2,0,-
BRDA:79,2,1,853
DA:88,87
FN:88,RoycoVaultTranche.__RoycoTranche_init
FNDA:87,RoycoVaultTranche.__RoycoTranche_init
DA:98,87
DA:99,87
DA:102,87
DA:110,87
FN:110,RoycoVaultTranche.__RoycoTranche_init_unchained
FNDA:87,RoycoVaultTranche.__RoycoTranche_init_unchained
DA:112,87
DA:113,87
DA:116,87
DA:120,75
FN:120,RoycoVaultTranche.kernel
FNDA:75,RoycoVaultTranche.kernel
DA:121,8013
DA:125,2
FN:125,RoycoVaultTranche.marketId
FNDA:2,RoycoVaultTranche.marketId
DA:126,2
DA:130,1712
FN:130,RoycoVaultTranche.totalAssets
FNDA:1712,RoycoVaultTranche.totalAssets
DA:131,1712
DA:135,1708
FN:135,RoycoVaultTranche.getRawNAV
FNDA:1708,RoycoVaultTranche.getRawNAV
DA:136,1708
DA:140,0
FN:140,RoycoVaultTranche.maxDeposit
FNDA:0,RoycoVaultTranche.maxDeposit
DA:141,0
DA:146,653
FN:146,RoycoVaultTranche.maxRedeem
FNDA:653,RoycoVaultTranche.maxRedeem
DA:147,653
DA:149,653
BRDA:149,3,0,-
DA:152,653
DA:155,653
DA:158,653
DA:162,0
FN:162,RoycoVaultTranche.previewDeposit
FNDA:0,RoycoVaultTranche.previewDeposit
DA:163,0
DA:165,0
DA:169,0
FN:169,RoycoVaultTranche.convertToShares
FNDA:0,RoycoVaultTranche.convertToShares
DA:171,0
DA:175,0
DA:176,0
DA:180,0
FN:180,RoycoVaultTranche.previewRedeem
FNDA:0,RoycoVaultTranche.previewRedeem
DA:188,0
DA:192,2359
FN:192,RoycoVaultTranche.convertToAssets
FNDA:2359,RoycoVaultTranche.convertToAssets
DA:194,2359
DA:195,2359
DA:199,853
FN:199,RoycoVaultTranche.deposit
FNDA:853,RoycoVaultTranche.deposit
DA:212,853
BRDA:212,4,0,-
BRDA:212,4,1,853
DA:214,853
DA:218,853
BRDA:218,5,0,853
DA:219,853
DA:223,853
DA:227,753
BRDA:227,6,0,-
BRDA:227,6,1,753
DA:232,753
DA:235,753
DA:237,753
DA:241,0
FN:241,RoycoVaultTranche.redeem
FNDA:0,RoycoVaultTranche.redeem
DA:254,0
BRDA:254,7,0,-
BRDA:254,7,1,-
DA:258,0
DA:264,0
DA:272,0
FN:272,RoycoVaultTranche.isOperator
FNDA:0,RoycoVaultTranche.isOperator
DA:273,0
DA:277,0
FN:277,RoycoVaultTranche.setOperator
FNDA:0,RoycoVaultTranche.setOperator
DA:279,0
DA:280,0
DA:283,0
DA:288,0
FN:288,RoycoVaultTranche.requestDeposit
FNDA:0,RoycoVaultTranche.requestDeposit
DA:302,0
DA:305,0
DA:308,0
DA:313,0
DA:318,0
FN:318,RoycoVaultTranche.pendingDepositRequest
FNDA:0,RoycoVaultTranche.pendingDepositRequest
DA:329,0
DA:337,0
FN:337,RoycoVaultTranche.claimableDepositRequest
FNDA:0,RoycoVaultTranche.claimableDepositRequest
DA:348,0
DA:356,0
FN:356,RoycoVaultTranche.requestRedeem
FNDA:0,RoycoVaultTranche.requestRedeem
DA:369,0
BRDA:369,8,0,-
BRDA:369,8,1,-
DA:372,0
BRDA:372,9,0,-
DA:373,0
DA:377,0
DA:383,0
BRDA:383,10,0,-
BRDA:383,10,1,-
DA:385,0
DA:388,0
DA:391,0
DA:396,0
FN:396,RoycoVaultTranche.pendingRedeemRequest
FNDA:0,RoycoVaultTranche.pendingRedeemRequest
DA:407,0
DA:415,0
FN:415,RoycoVaultTranche.claimableRedeemRequest
FNDA:0,RoycoVaultTranche.claimableRedeemRequest
DA:426,0
DA:438,0
FN:438,RoycoVaultTranche.cancelDepositRequest
FNDA:0,RoycoVaultTranche.cancelDepositRequest
DA:450,0
BRDA:450,11,0,-
BRDA:450,11,1,-
DA:451,0
DA:453,0
DA:456,0
DA:461,0
FN:461,RoycoVaultTranche.pendingCancelDepositRequest
FNDA:0,RoycoVaultTranche.pendingCancelDepositRequest
DA:472,0
DA:479,0
FN:479,RoycoVaultTranche.claimableCancelDepositRequest
FNDA:0,RoycoVaultTranche.claimableCancelDepositRequest
DA:490,0
DA:498,0
FN:498,RoycoVaultTranche.claimCancelDepositRequest
FNDA:0,RoycoVaultTranche.claimCancelDepositRequest
DA:512,0
DA:516,0
DA:521,0
FN:521,RoycoVaultTranche.cancelRedeemRequest
FNDA:0,RoycoVaultTranche.cancelRedeemRequest
DA:533,0
BRDA:533,12,0,-
BRDA:533,12,1,-
DA:534,0
DA:536,0
DA:539,0
DA:544,0
FN:544,RoycoVaultTranche.pendingCancelRedeemRequest
FNDA:0,RoycoVaultTranche.pendingCancelRedeemRequest
DA:555,0
DA:563,0
FN:563,RoycoVaultTranche.claimableCancelRedeemRequest
FNDA:0,RoycoVaultTranche.claimableCancelRedeemRequest
DA:574,0
DA:582,0
FN:582,RoycoVaultTranche.claimCancelRedeemRequest
FNDA:0,RoycoVaultTranche.claimCancelRedeemRequest
DA:595,0
DA:600,0
BRDA:600,13,0,-
BRDA:600,13,1,-
DA:603,0
BRDA:603,14,0,-
BRDA:603,14,1,-
DA:605,0
DA:608,0
DA:611,0
DA:615,4726
FN:615,RoycoVaultTranche.previewMintProtocolFeeShares
FNDA:4726,RoycoVaultTranche.previewMintProtocolFeeShares
DA:628,4726
DA:629,4726
DA:632,4726
DA:636,0
FN:636,RoycoVaultTranche.mintProtocolFeeShares
FNDA:0,RoycoVaultTranche.mintProtocolFeeShares
DA:646,0
BRDA:646,15,0,-
BRDA:646,15,1,-
DA:648,0
DA:649,0
BRDA:649,16,0,-
DA:650,0
DA:655,0
FN:655,RoycoVaultTranche.decimals
FNDA:0,RoycoVaultTranche.decimals
DA:656,0
DA:660,84
FN:660,RoycoVaultTranche.asset
FNDA:84,RoycoVaultTranche.asset
DA:661,937
DA:665,0
FN:665,RoycoVaultTranche.supportsInterface
FNDA:0,RoycoVaultTranche.supportsInterface
DA:666,0
DA:667,0
DA:668,0
DA:675,0
FN:675,RoycoVaultTranche._withdraw
FNDA:0,RoycoVaultTranche._withdraw
DA:677,0
BRDA:677,17,0,-
BRDA:677,17,1,-
DA:679,0
BRDA:679,18,0,-
DA:681,0
DA:682,0
BRDA:682,19,0,-
DA:684,0
DA:693,3012
FN:693,RoycoVaultTranche._previewPostSyncTrancheState
FNDA:3012,RoycoVaultTranche._previewPostSyncTrancheState
DA:695,3012
DA:696,3012
DA:697,3012
DA:706,6132
FN:706,RoycoVaultTranche._convertToShares
FNDA:6132,RoycoVaultTranche._convertToShares
DA:707,6132
DA:711,853
FN:711,RoycoVaultTranche._isSync
FNDA:853,RoycoVaultTranche._isSync
DA:712,853
DA:717,10858
FN:717,RoycoVaultTranche._decimalsOffset
FNDA:10858,RoycoVaultTranche._decimalsOffset
DA:718,10858
DA:721,0
FN:721,RoycoVaultTranche._requestRedeemSharesBehavior
FNDA:0,RoycoVaultTranche._requestRedeemSharesBehavior
DA:722,0
DA:727,10858
FN:727,RoycoVaultTranche._withVirtualShares
FNDA:10858,RoycoVaultTranche._withVirtualShares
DA:728,10858
DA:731,6132
FN:731,RoycoVaultTranche._withVirtualAssets
FNDA:6132,RoycoVaultTranche._withVirtualAssets
DA:732,6132
FNF:47
FNH:18
LF:153
LH:57
BRF:34
BRH:4
end_of_record
TN:
SF:test/base/Assertions.sol
DA:8,4
FN:8,Assertions.assertEq.0
FNDA:4,Assertions.assertEq.0
DA:9,4
DA:12,0
FN:12,Assertions.assertNotEq.0
FNDA:0,Assertions.assertNotEq.0
DA:13,0
DA:16,0
FN:16,Assertions.assertLt.0
FNDA:0,Assertions.assertLt.0
DA:17,0
DA:20,0
FN:20,Assertions.assertLe.0
FNDA:0,Assertions.assertLe.0
DA:21,0
DA:24,0
FN:24,Assertions.assertGt.0
FNDA:0,Assertions.assertGt.0
DA:25,0
DA:28,0
FN:28,Assertions.assertGe.0
FNDA:0,Assertions.assertGe.0
DA:29,0
DA:32,3412
FN:32,Assertions.assertApproxEqAbs.0
FNDA:3412,Assertions.assertApproxEqAbs.0
DA:33,3412
DA:36,653
FN:36,Assertions.assertApproxEqRel.0
FNDA:653,Assertions.assertApproxEqRel.0
DA:37,653
DA:40,1714
FN:40,Assertions.assertEq.1
FNDA:1714,Assertions.assertEq.1
DA:41,1714
DA:44,0
FN:44,Assertions.assertNotEq.1
FNDA:0,Assertions.assertNotEq.1
DA:45,0
DA:48,0
FN:48,Assertions.assertLt.1
FNDA:0,Assertions.assertLt.1
DA:49,0
DA:52,0
FN:52,Assertions.assertLe.1
FNDA:0,Assertions.assertLe.1
DA:53,0
DA:56,0
FN:56,Assertions.assertGt.1
FNDA:0,Assertions.assertGt.1
DA:57,0
DA:60,0
FN:60,Assertions.assertGe.1
FNDA:0,Assertions.assertGe.1
DA:61,0
DA:64,3412
FN:64,Assertions.assertApproxEqAbs.1
FNDA:3412,Assertions.assertApproxEqAbs.1
DA:65,3412
DA:68,0
FN:68,Assertions.assertApproxEqRel.1
FNDA:0,Assertions.assertApproxEqRel.1
DA:69,0
FNF:16
FNH:5
LF:32
LH:10
BRF:0
BRH:0
end_of_record
TN:
SF:test/base/BaseTest.sol
DA:107,60
FN:107,BaseTest.constructor
FNDA:60,BaseTest.constructor
DA:108,60
DA:111,60
FN:111,BaseTest.prankModifier
FNDA:60,BaseTest.prankModifier
DA:112,60
DA:114,60
DA:117,60
FN:117,BaseTest._setUpRoyco
FNDA:60,BaseTest._setUpRoyco
DA:118,60
DA:119,60
DA:120,60
DA:123,60
DA:124,60
DA:127,60
DA:128,60
DA:129,60
DA:130,60
DA:133,60
DA:134,60
DA:137,60
DA:138,60
DA:141,60
DA:142,60
DA:144,60
DA:147,60
FN:147,BaseTest._setupFork
FNDA:60,BaseTest._setupFork
DA:148,60
DA:149,60
BRDA:149,0,0,33
DA:150,33
BRDA:150,1,0,-
BRDA:150,1,1,33
DA:151,33
DA:155,60
FN:155,BaseTest._setupAssets
FNDA:60,BaseTest._setupAssets
DA:156,60
DA:157,60
DA:158,60
DA:159,60
DA:160,60
DA:162,60
DA:163,60
DA:164,60
DA:165,60
DA:166,60
DA:168,60
DA:169,60
DA:170,60
DA:171,60
DA:172,60
DA:175,60
FN:175,BaseTest._setupWallets
FNDA:60,BaseTest._setupWallets
DA:177,60
DA:178,60
DA:179,60
DA:180,60
DA:181,60
DA:182,60
DA:183,60
DA:184,60
DA:187,60
DA:188,60
DA:189,60
DA:190,60
DA:191,60
DA:192,60
DA:193,60
DA:194,60
DA:196,60
DA:197,60
DA:198,60
DA:199,60
DA:202,33
FN:202,BaseTest._setDeployedMarket
FNDA:33,BaseTest._setDeployedMarket
DA:203,33
DA:204,33
DA:205,33
DA:206,33
DA:207,33
DA:209,33
DA:210,33
DA:211,33
DA:212,33
DA:215,1033
FN:215,BaseTest._initWallet
FNDA:1033,BaseTest._initWallet
DA:216,1033
DA:217,1033
DA:218,1033
DA:219,1033
DA:226,3
FN:226,BaseTest._setUpTrancheRoles
FNDA:3,BaseTest._setUpTrancheRoles
DA:227,3
DA:228,3
DA:229,3
DA:230,12
DA:231,12
DA:237,0
FN:237,BaseTest._setUpKernelRoles
FNDA:0,BaseTest._setUpKernelRoles
DA:238,0
DA:242,60
FN:242,BaseTest._setupFactoryAuth
FNDA:60,BaseTest._setupFactoryAuth
DA:243,60
DA:244,60
DA:245,60
DA:251,553
FN:251,BaseTest._generateProvider
FNDA:553,BaseTest._generateProvider
DA:253,553
DA:254,553
DA:257,553
DA:258,553
DA:260,553
DA:266,853
FN:266,BaseTest._verifyPreviewNAVs
FNDA:853,BaseTest._verifyPreviewNAVs
DA:274,853
DA:275,853
DA:277,853
DA:278,853
DA:279,853
DA:280,853
DA:281,853
DA:283,853
DA:284,853
DA:285,853
DA:286,853
DA:287,853
DA:294,853
FN:294,BaseTest._verifyFeeTaken
FNDA:853,BaseTest._verifyFeeTaken
DA:295,853
DA:296,853
DA:297,853
DA:299,853
DA:300,853
DA:301,853
DA:310,753
FN:310,BaseTest._updateOnDeposit
FNDA:753,BaseTest._updateOnDeposit
DA:319,753
DA:320,753
DA:321,753
BRDA:321,2,0,-
BRDA:321,2,1,753
DA:322,0
DA:324,753
DA:326,753
DA:335,0
FN:335,BaseTest._updateOnWithdraw
FNDA:0,BaseTest._updateOnWithdraw
DA:344,0
DA:345,0
DA:346,0
DA:347,0
DA:348,0
DA:354,753
FN:354,BaseTest._toJTValue
FNDA:753,BaseTest._toJTValue
DA:355,753
DA:361,0
FN:361,BaseTest._toSTValue
FNDA:0,BaseTest._toSTValue
DA:362,0
DA:369,0
FN:369,BaseTest._deployKernel
FNDA:0,BaseTest._deployKernel
DA:370,0
DA:376,27
FN:376,BaseTest._forkConfiguration
FNDA:27,BaseTest._forkConfiguration
DA:377,27
FNF:20
FNH:16
LF:138
LH:125
BRF:5
BRH:3
end_of_record
TN:
SF:test/erc4626st-aavejt/base/MainnetForkWithAaveBaseTest.sol
DA:36,33
FN:36,MainnetForkWithAaveTestBase.constructor
FNDA:33,MainnetForkWithAaveTestBase.constructor
DA:37,33
DA:38,33
DA:39,33
DA:42,33
FN:42,MainnetForkWithAaveTestBase._setUpRoyco
FNDA:33,MainnetForkWithAaveTestBase._setUpRoyco
DA:44,33
DA:45,33
DA:46,33
DA:49,33
DA:50,33
DA:51,33
DA:54,33
DA:57,33
DA:58,33
DA:60,33
DA:61,33
DA:64,33
DA:65,33
DA:76,33
FN:76,MainnetForkWithAaveTestBase._dealUSDCToAddresses
FNDA:33,MainnetForkWithAaveTestBase._dealUSDCToAddresses
DA:77,33
DA:80,33
DA:81,33
DA:82,33
DA:83,33
DA:86,33
DA:87,33
DA:88,33
DA:89,33
DA:92,33
DA:95,33
FN:95,MainnetForkWithAaveTestBase._deployMarketWithKernel
FNDA:33,MainnetForkWithAaveTestBase._deployMarketWithKernel
DA:96,33
DA:99,33
DA:100,33
DA:101,33
DA:102,33
DA:103,33
DA:106,33
DA:120,33
DA:129,33
DA:138,33
DA:148,33
DA:176,33
FN:176,MainnetForkWithAaveTestBase._forkConfiguration
FNDA:33,MainnetForkWithAaveTestBase._forkConfiguration
DA:177,33
DA:178,33
DA:179,33
BRDA:179,0,0,-
DA:180,0
DA:188,553
FN:188,MainnetForkWithAaveTestBase._generateProvider
FNDA:553,MainnetForkWithAaveTestBase._generateProvider
DA:189,553
DA:192,553
FNF:6
FNH:6
LF:49
LH:48
BRF:1
BRH:0
end_of_record
TN:
SF:test/mock/ERC4626Mock.sol
DA:17,33
FN:17,ERC4626Mock.constructor
FNDA:33,ERC4626Mock.constructor
DA:18,33
DA:21,0
FN:21,ERC4626Mock.setSharePrice
FNDA:0,ERC4626Mock.setSharePrice
DA:22,0
DA:23,0
DA:24,0
BRDA:24,0,0,-
BRDA:24,0,1,-
DA:25,0
DA:26,0
DA:27,0
BRDA:27,1,0,-
DA:28,0
DA:29,0
DA:32,0
BRDA:32,2,0,-
BRDA:32,2,1,-
FNF:2
FNH:1
LF:12
LH:2
BRF:5
BRH:0
end_of_record
TN:
SF:test/mock/USDC_ERC4626_AaveV3JT_Kernel.sol
DA:9,0
FN:9,USDC_ERC4626_AaveV3JT_Kernel.stConvertTrancheUnitsToNAVUnits
FNDA:0,USDC_ERC4626_AaveV3JT_Kernel.stConvertTrancheUnitsToNAVUnits
DA:10,7940
DA:14,753
FN:14,USDC_ERC4626_AaveV3JT_Kernel.jtConvertTrancheUnitsToNAVUnits
FNDA:753,USDC_ERC4626_AaveV3JT_Kernel.jtConvertTrancheUnitsToNAVUnits
DA:15,9446
DA:19,0
FN:19,USDC_ERC4626_AaveV3JT_Kernel.stConvertNAVUnitsToTrancheUnits
FNDA:0,USDC_ERC4626_AaveV3JT_Kernel.stConvertNAVUnitsToTrancheUnits
DA:20,0
DA:24,0
FN:24,USDC_ERC4626_AaveV3JT_Kernel.jtConvertNAVUnitsToTrancheUnits
FNDA:0,USDC_ERC4626_AaveV3JT_Kernel.jtConvertNAVUnitsToTrancheUnits
DA:25,2612
FNF:4
FNH:1
LF:8
LH:4
BRF:0
BRH:0
end_of_record
