TN:
SF:src/RoycoFactory.sol
DA:29,72
FN:29,RoycoFactory.deployMarket
FNDA:72,RoycoFactory.deployMarket
DA:36,72
DA:39,57
DA:42,53
DA:45,45
DA:47,42
DA:51,296
FN:51,RoycoFactory.predictERC1967ProxyAddress
FNDA:296,RoycoFactory.predictERC1967ProxyAddress
DA:52,296
DA:60,57
FN:60,RoycoFactory._deployContracts
FNDA:57,RoycoFactory._deployContracts
DA:67,57
DA:71,57
DA:74,57
DA:78,57
DA:82,57
DA:83,57
BRDA:83,0,0,1
BRDA:83,0,1,56
DA:86,56
DA:87,56
BRDA:87,1,0,1
BRDA:87,1,1,55
DA:90,55
DA:91,55
BRDA:91,2,0,1
BRDA:91,2,1,54
DA:94,54
DA:95,54
BRDA:95,3,0,1
BRDA:95,3,1,53
DA:100,53
FN:100,RoycoFactory._validateDeployment
FNDA:53,RoycoFactory._validateDeployment
DA:102,53
BRDA:102,4,0,1
BRDA:102,4,1,52
DA:103,52
BRDA:103,5,0,1
BRDA:103,5,1,51
DA:104,51
BRDA:104,6,0,1
BRDA:104,6,1,50
DA:105,50
BRDA:105,7,0,1
BRDA:105,7,1,49
DA:108,49
BRDA:108,8,0,1
BRDA:108,8,1,48
DA:109,48
BRDA:109,9,0,1
BRDA:109,9,1,47
DA:111,47
DA:113,47
BRDA:113,10,0,1
BRDA:113,10,1,46
DA:116,46
BRDA:116,11,0,1
BRDA:116,11,1,45
DA:121,72
FN:121,RoycoFactory._validateDeploymentParams
FNDA:72,RoycoFactory._validateDeploymentParams
DA:122,72
BRDA:122,12,0,1
BRDA:122,12,1,71
DA:123,71
BRDA:123,13,0,1
BRDA:123,13,1,70
DA:124,70
BRDA:124,14,0,1
BRDA:124,14,1,69
DA:125,69
BRDA:125,15,0,1
BRDA:125,15,1,68
DA:126,68
BRDA:126,16,0,1
BRDA:126,16,1,67
DA:127,67
BRDA:127,17,0,1
BRDA:127,17,1,66
DA:128,66
BRDA:128,18,0,1
BRDA:128,18,1,65
DA:130,65
BRDA:130,19,0,1
BRDA:130,19,1,64
DA:131,64
BRDA:131,20,0,1
BRDA:131,20,1,63
DA:133,63
BRDA:133,21,0,1
BRDA:133,21,1,62
DA:134,62
BRDA:134,22,0,1
BRDA:134,22,1,61
DA:136,61
BRDA:136,23,0,1
BRDA:136,23,1,60
DA:137,60
BRDA:137,24,0,1
BRDA:137,24,1,59
DA:138,59
BRDA:138,25,0,1
BRDA:138,25,1,58
DA:139,58
BRDA:139,26,0,1
BRDA:139,26,1,57
DA:147,45
FN:147,RoycoFactory._configureRoles
FNDA:45,RoycoFactory._configureRoles
DA:148,45
DA:149,171
DA:152,171
BRDA:152,27,0,1
BRDA:152,27,1,170
DA:155,170
DA:156,170
BRDA:156,28,0,2
BRDA:156,28,1,168
DA:162,168
DA:163,1302
DA:174,228
FN:174,RoycoFactory._deployERC1967ProxyDeterministic
FNDA:228,RoycoFactory._deployERC1967ProxyDeterministic
DA:175,228
FNF:7
FNH:7
LF:57
LH:57
BRF:58
BRH:58
end_of_record
TN:
SF:src/accountant/RoycoAccountant.sol
DA:74,2811
FN:74,RoycoAccountant.onlyRoycoKernel
FNDA:2811,RoycoAccountant.onlyRoycoKernel
DA:75,2811
BRDA:75,0,0,-
BRDA:75,0,1,9947
DA:84,54
FN:84,RoycoAccountant.initialize
FNDA:54,RoycoAccountant.initialize
DA:86,54
DA:88,54
BRDA:88,1,0,-
BRDA:88,1,1,54
DA:90,54
BRDA:90,2,0,-
BRDA:90,2,1,54
DA:93,54
DA:96,54
DA:97,54
DA:98,54
DA:99,54
DA:100,54
DA:101,54
DA:105,9947
FN:105,RoycoAccountant.preOpSyncTrancheAccounting
FNDA:9947,RoycoAccountant.preOpSyncTrancheAccounting
DA:115,9947
DA:118,9947
DA:119,9947
DA:122,0
BRDA:122,3,0,-
DA:125,0
DA:129,9947
DA:130,9947
DA:131,9947
DA:132,9947
DA:133,9947
DA:134,9947
DA:138,28194
FN:138,RoycoAccountant.previewSyncTrancheAccounting
FNDA:28194,RoycoAccountant.previewSyncTrancheAccounting
DA:147,28194
DA:151,2909
FN:151,RoycoAccountant.postOpSyncTrancheAccounting
FNDA:2909,RoycoAccountant.postOpSyncTrancheAccounting
DA:162,5720
DA:163,5720
BRDA:163,4,0,1001
BRDA:163,4,1,1810
DA:165,1001
DA:166,1001
BRDA:166,5,0,-
BRDA:166,5,1,1001
DA:168,1001
DA:170,1001
DA:171,4719
BRDA:171,6,0,2708
BRDA:171,6,1,1810
DA:173,2708
DA:174,2708
BRDA:174,7,0,-
BRDA:174,7,1,2708
DA:178,2708
DA:180,2708
DA:184,2011
DA:185,2011
DA:188,2011
DA:189,2011
DA:191,2011
BRDA:191,8,0,201
BRDA:191,8,1,1810
DA:192,201
BRDA:192,9,0,-
BRDA:192,9,1,201
DA:195,201
DA:197,201
DA:200,201
DA:201,201
BRDA:201,10,0,-
DA:202,0
DA:205,201
DA:206,201
BRDA:206,11,0,-
DA:207,0
DA:209,1810
BRDA:209,12,0,1810
DA:210,1810
BRDA:210,13,0,-
BRDA:210,13,1,1810
DA:214,1810
DA:216,1810
BRDA:216,14,0,-
BRDA:216,14,1,1810
DA:221,5720
DA:232,5720
BRDA:232,15,0,-
BRDA:232,15,1,5720
DA:236,2811
FN:236,RoycoAccountant.postOpSyncTrancheAccountingAndEnforceCoverage
FNDA:2811,RoycoAccountant.postOpSyncTrancheAccountingAndEnforceCoverage
DA:247,2811
DA:249,2811
BRDA:249,16,0,601
BRDA:249,16,1,2210
DA:265,0
FN:265,RoycoAccountant.isCoverageRequirementSatisfied
FNDA:0,RoycoAccountant.isCoverageRequirementSatisfied
DA:267,2811
DA:269,2811
DA:270,2811
DA:279,801
FN:279,RoycoAccountant.maxSTDepositGivenCoverage
FNDA:801,RoycoAccountant.maxSTDepositGivenCoverage
DA:281,801
DA:283,801
DA:286,801
DA:288,801
DA:290,801
DA:292,801
DA:305,2309
FN:305,RoycoAccountant.maxJTWithdrawalGivenCoverage
FNDA:2309,RoycoAccountant.maxJTWithdrawalGivenCoverage
DA:316,2309
DA:319,2309
DA:321,2309
DA:323,2309
DA:325,2309
DA:328,2309
DA:329,2309
DA:330,2309
DA:339,2309
FN:339,RoycoAccountant._calculateSurplusJtAssetsInNav
FNDA:2309,RoycoAccountant._calculateSurplusJtAssetsInNav
DA:341,2309
DA:342,2309
DA:344,2309
DA:346,2309
DA:348,2309
DA:350,2309
DA:361,41251
FN:361,RoycoAccountant._previewSyncTrancheAccounting
FNDA:41251,RoycoAccountant._previewSyncTrancheAccounting
DA:371,41251
DA:375,41251
DA:376,41251
DA:379,41251
DA:380,41251
DA:381,41251
DA:382,41251
DA:383,41251
DA:384,41251
DA:387,41251
BRDA:387,17,0,400
BRDA:387,17,1,4035
DA:389,400
DA:390,400
DA:391,400
BRDA:391,18,0,400
DA:393,400
DA:395,400
DA:398,400
BRDA:398,19,0,-
DA:400,0
DA:404,0
DA:405,0
DA:408,40851
BRDA:408,20,0,4035
DA:409,4035
DA:411,4035
DA:412,4035
BRDA:412,21,0,-
DA:416,0
DA:417,0
DA:419,0
DA:420,0
DA:423,4035
BRDA:423,22,0,4035
DA:425,4035
DA:427,4035
DA:432,41251
BRDA:432,23,0,-
BRDA:432,23,1,-
DA:433,0
DA:435,0
DA:436,0
BRDA:436,24,0,-
DA:437,0
DA:439,0
DA:442,0
DA:443,0
BRDA:443,25,0,-
DA:445,0
DA:447,0
DA:450,41251
BRDA:450,26,0,-
DA:451,0
DA:454,0
DA:455,0
BRDA:455,27,0,-
DA:457,0
DA:458,0
DA:460,0
DA:464,0
DA:465,0
BRDA:465,28,0,-
DA:467,0
DA:468,0
DA:470,0
DA:473,0
BRDA:473,29,0,-
DA:475,0
DA:477,0
DA:478,0
DA:480,0
BRDA:480,30,0,-
DA:482,0
DA:484,0
BRDA:484,31,0,-
DA:486,0
DA:487,0
DA:488,0
DA:492,0
DA:494,0
DA:496,0
DA:500,41251
BRDA:500,32,0,-
BRDA:500,32,1,41251
DA:502,41251
DA:519,9947
FN:519,RoycoAccountant._accrueJTYieldShare
FNDA:9947,RoycoAccountant._accrueJTYieldShare
DA:521,9947
DA:524,9947
DA:525,9947
BRDA:525,33,0,2002
DA:526,2002
DA:527,2002
DA:531,7945
DA:533,7945
BRDA:533,34,0,5127
DA:536,2818
DA:538,2818
BRDA:538,35,0,-
DA:540,2818
DA:542,2818
DA:550,31304
FN:550,RoycoAccountant._previewJTYieldShareAccrual
FNDA:31304,RoycoAccountant._previewJTYieldShareAccrual
DA:552,31304
DA:555,31304
DA:556,31304
BRDA:556,36,0,2809
DA:559,28495
DA:561,28495
BRDA:561,37,0,27087
DA:564,1408
DA:566,1408
BRDA:566,38,0,-
DA:569,1408
DA:573,0
FN:573,RoycoAccountant.setYDM
FNDA:0,RoycoAccountant.setYDM
DA:575,0
BRDA:575,39,0,-
BRDA:575,39,1,-
DA:577,0
DA:581,0
FN:581,RoycoAccountant.setProtocolFee
FNDA:0,RoycoAccountant.setProtocolFee
DA:583,0
BRDA:583,40,0,-
BRDA:583,40,1,-
DA:585,0
DA:589,0
FN:589,RoycoAccountant.setCoverage
FNDA:0,RoycoAccountant.setCoverage
DA:590,0
DA:592,0
DA:594,0
DA:598,0
FN:598,RoycoAccountant.setBeta
FNDA:0,RoycoAccountant.setBeta
DA:599,0
DA:601,0
DA:603,0
DA:607,47
FN:607,RoycoAccountant.getState
FNDA:47,RoycoAccountant.getState
DA:608,47
DA:616,54
FN:616,RoycoAccountant._validateCoverageRequirement
FNDA:54,RoycoAccountant._validateCoverageRequirement
DA:618,54
BRDA:618,41,0,-
BRDA:618,41,1,54
DA:620,54
BRDA:620,42,0,-
BRDA:620,42,1,54
DA:628,124978
FN:628,RoycoAccountant._getRoycoAccountantStorage
FNDA:124978,RoycoAccountant._getRoycoAccountantStorage
DA:630,124978
FNF:20
FNH:15
LF:199
LH:140
BRF:63
BRH:30
end_of_record
TN:
SF:src/auth/RoycoAuth.sol
DA:13,218
FN:13,RoycoAuth.__RoycoAuth_init
FNDA:218,RoycoAuth.__RoycoAuth_init
DA:14,218
DA:15,218
DA:19,0
FN:19,RoycoAuth.pause
FNDA:0,RoycoAuth.pause
DA:20,0
DA:24,0
FN:24,RoycoAuth.unpause
FNDA:0,RoycoAuth.unpause
DA:25,0
FNF:3
FNH:1
LF:7
LH:3
BRF:0
BRH:0
end_of_record
TN:
SF:src/base/RoycoBase.sol
DA:9,276
FN:9,RoycoBase.constructor
FNDA:276,RoycoBase.constructor
DA:10,276
DA:15,218
FN:15,RoycoBase.__RoycoBase_init
FNDA:218,RoycoBase.__RoycoBase_init
DA:16,218
DA:20,0
FN:20,RoycoBase._authorizeUpgrade
FNDA:0,RoycoBase._authorizeUpgrade
FNF:3
FNH:2
LF:5
LH:4
BRF:0
BRH:0
end_of_record
TN:
SF:src/kernels/ERC4626_ST_AaveV3_JT_IdenticalAssets_Kernel.sol
DA:23,53
FN:23,ERC4626_ST_AaveV3_JT_IdenticalAssets_Kernel.initialize
FNDA:53,ERC4626_ST_AaveV3_JT_IdenticalAssets_Kernel.initialize
DA:25,53
DA:26,53
DA:29,53
DA:31,53
DA:33,53
DA:35,53
FNF:1
FNH:1
LF:7
LH:7
BRF:0
BRH:0
end_of_record
TN:
SF:src/kernels/ERC4626_ST_AaveV3_JT_InKindAssets_Kernel.sol
DA:24,0
FN:24,ERC4626_ST_AaveV3_JT_InKindAssets_Kernel.initialize
FNDA:0,ERC4626_ST_AaveV3_JT_InKindAssets_Kernel.initialize
DA:26,0
DA:27,0
DA:30,0
DA:32,0
DA:34,0
DA:36,0
FNF:1
FNH:0
LF:7
LH:0
BRF:0
BRH:0
end_of_record
TN:
SF:src/kernels/ERC4626_ST_ERC4626_JT_IdenticalAssets_Kernel.sol
DA:28,0
FN:28,ERC4626_ST_ERC4626_JT_IdenticalAssets_Kernel.initialize
FNDA:0,ERC4626_ST_ERC4626_JT_IdenticalAssets_Kernel.initialize
DA:30,0
DA:31,0
DA:34,0
DA:36,0
DA:38,0
DA:40,0
DA:45,0
FN:45,ERC4626_ST_ERC4626_JT_IdenticalAssets_Kernel.stMaxWithdrawable
FNDA:0,ERC4626_ST_ERC4626_JT_IdenticalAssets_Kernel.stMaxWithdrawable
DA:51,0
DA:53,0
BRDA:53,0,0,-
DA:56,0
DA:57,0
DA:58,0
BRDA:58,1,0,-
DA:59,0
DA:60,0
DA:64,0
DA:65,0
DA:66,0
DA:71,0
FN:71,ERC4626_ST_ERC4626_JT_IdenticalAssets_Kernel.jtMaxWithdrawable
FNDA:0,ERC4626_ST_ERC4626_JT_IdenticalAssets_Kernel.jtMaxWithdrawable
DA:78,0
DA:80,0
BRDA:80,2,0,-
DA:83,0
DA:84,0
DA:85,0
BRDA:85,3,0,-
DA:88,0
DA:96,0
DA:97,0
DA:101,0
DA:103,0
DA:106,0
FNF:3
FNH:0
LF:30
LH:0
BRF:4
BRH:0
end_of_record
TN:
SF:src/kernels/ERC4626_ST_ERC4626_JT_InKindAssets_Kernel.sol
DA:29,0
FN:29,ERC4626_ST_ERC4626_JT_InKindAssets_Kernel.initialize
FNDA:0,ERC4626_ST_ERC4626_JT_InKindAssets_Kernel.initialize
DA:31,0
DA:32,0
DA:35,0
DA:37,0
DA:39,0
DA:41,0
DA:46,0
FN:46,ERC4626_ST_ERC4626_JT_InKindAssets_Kernel.stMaxWithdrawable
FNDA:0,ERC4626_ST_ERC4626_JT_InKindAssets_Kernel.stMaxWithdrawable
DA:52,0
DA:54,0
BRDA:54,0,0,-
DA:57,0
DA:58,0
DA:59,0
BRDA:59,1,0,-
DA:60,0
DA:61,0
DA:65,0
DA:66,0
DA:67,0
DA:72,0
FN:72,ERC4626_ST_ERC4626_JT_InKindAssets_Kernel.jtMaxWithdrawable
FNDA:0,ERC4626_ST_ERC4626_JT_InKindAssets_Kernel.jtMaxWithdrawable
DA:79,0
DA:81,0
BRDA:81,2,0,-
DA:84,0
DA:85,0
DA:86,0
BRDA:86,3,0,-
DA:89,0
DA:97,0
DA:98,0
DA:102,0
DA:104,0
DA:107,0
FNF:3
FNH:0
LF:30
LH:0
BRF:4
BRH:0
end_of_record
TN:
SF:src/kernels/base/RoycoKernel.sol
DA:34,201
FN:34,RoycoKernel.onlySeniorTranche
FNDA:201,RoycoKernel.onlySeniorTranche
DA:35,201
BRDA:35,0,0,-
BRDA:35,0,1,1001
DA:41,1306
FN:41,RoycoKernel.onlyJuniorTranche
FNDA:1306,RoycoKernel.onlyJuniorTranche
DA:42,1306
BRDA:42,1,0,-
BRDA:42,1,1,201
DA:48,4627
FN:48,RoycoKernel.checkJTRedemptionRequestId
FNDA:4627,RoycoKernel.checkJTRedemptionRequestId
DA:49,4627
BRDA:49,2,0,-
BRDA:49,2,1,603
DA:64,53
FN:64,RoycoKernel.__RoycoKernel_init
FNDA:53,RoycoKernel.__RoycoKernel_init
DA:66,53
DA:68,53
DA:77,53
FN:77,RoycoKernel.__RoycoKernel_init_unchained
FNDA:53,RoycoKernel.__RoycoKernel_init_unchained
DA:79,53
BRDA:79,3,0,-
BRDA:79,3,1,53
DA:85,53
DA:89,48
FN:89,RoycoKernel.getState
FNDA:48,RoycoKernel.getState
DA:103,48
DA:104,48
DA:128,801
FN:128,RoycoKernel.stMaxDeposit
FNDA:801,RoycoKernel.stMaxDeposit
DA:129,801
DA:130,801
DA:134,400
FN:134,RoycoKernel.stMaxWithdrawable
FNDA:400,RoycoKernel.stMaxWithdrawable
DA:142,400
DA:143,400
DA:144,400
DA:147,400
DA:148,400
DA:152,200
FN:152,RoycoKernel.jtMaxDeposit
FNDA:200,RoycoKernel.jtMaxDeposit
DA:153,200
DA:157,2309
FN:157,RoycoKernel.jtMaxWithdrawable
FNDA:2309,RoycoKernel.jtMaxWithdrawable
DA:165,2309
DA:168,2309
DA:176,2309
DA:177,2309
DA:180,2309
DA:181,2309
DA:189,0
FN:189,RoycoKernel.syncTrancheAccounting
FNDA:0,RoycoKernel.syncTrancheAccounting
DA:191,0
DA:195,23379
FN:195,RoycoKernel.previewSyncTrancheAccounting
FNDA:23379,RoycoKernel.previewSyncTrancheAccounting
DA:203,26488
DA:206,26488
DA:209,26488
DA:213,26488
DA:214,26488
BRDA:214,4,0,9929
BRDA:214,4,1,16559
DA:215,9929
DA:217,16559
DA:226,1001
FN:226,RoycoKernel.stDeposit
FNDA:1001,RoycoKernel.stDeposit
DA:239,1001
DA:242,1001
DA:245,1001
DA:247,601
DA:251,201
FN:251,RoycoKernel.stRedeem
FNDA:201,RoycoKernel.stRedeem
DA:264,201
DA:265,201
DA:269,201
DA:272,201
DA:275,201
DA:283,2708
FN:283,RoycoKernel.jtDeposit
FNDA:2708,RoycoKernel.jtDeposit
DA:296,2708
DA:299,2708
DA:302,2708
DA:304,2708
DA:308,0
FN:308,RoycoKernel.jtPreviewRedeem
FNDA:0,RoycoKernel.jtPreviewRedeem
DA:309,0
DA:313,3019
FN:313,RoycoKernel.jtRequestRedeem
FNDA:3019,RoycoKernel.jtRequestRedeem
DA:326,3019
DA:329,3019
DA:330,3019
DA:331,3019
BRDA:331,5,0,-
BRDA:331,5,1,3019
DA:335,3019
DA:339,3019
DA:340,3019
DA:341,3019
DA:344,3019
DA:348,4627
FN:348,RoycoKernel.jtPendingRedeemRequest
FNDA:4627,RoycoKernel.jtPendingRedeemRequest
DA:359,4627
DA:361,4627
BRDA:361,6,0,3218
DA:363,1409
DA:367,4627
FN:367,RoycoKernel.jtClaimableRedeemRequest
FNDA:4627,RoycoKernel.jtClaimableRedeemRequest
DA:379,4627
DA:380,4627
DA:384,201
FN:384,RoycoKernel.jtCancelRedeemRequest
FNDA:201,RoycoKernel.jtCancelRedeemRequest
DA:395,201
DA:397,201
BRDA:397,7,0,-
BRDA:397,7,1,201
DA:399,201
BRDA:399,8,0,-
BRDA:399,8,1,201
DA:401,201
DA:405,201
FN:405,RoycoKernel.jtPendingCancelRedeemRequest
FNDA:201,RoycoKernel.jtPendingCancelRedeemRequest
DA:417,201
DA:421,603
FN:421,RoycoKernel.jtClaimableCancelRedeemRequest
FNDA:603,RoycoKernel.jtClaimableCancelRedeemRequest
DA:432,603
DA:434,603
BRDA:434,9,0,402
DA:436,201
DA:440,201
FN:440,RoycoKernel.jtClaimCancelRedeemRequest
FNDA:201,RoycoKernel.jtClaimCancelRedeemRequest
DA:452,201
DA:453,201
DA:455,201
BRDA:455,10,0,-
BRDA:455,10,1,201
DA:457,201
DA:463,3018
FN:463,RoycoKernel.jtRedeem
FNDA:3018,RoycoKernel.jtRedeem
DA:476,3018
DA:477,3018
DA:478,3018
DA:480,3018
DA:481,3018
DA:483,3018
DA:484,3018
BRDA:484,11,0,1208
BRDA:484,11,1,1810
DA:487,1810
DA:488,1810
DA:491,1810
DA:494,1810
DA:496,1810
BRDA:496,12,0,1810
BRDA:496,12,1,-
DA:500,0
DA:501,0
DA:505,1810
DA:508,1810
DA:511,1810
DA:519,0
FN:519,RoycoKernel.setProtocolFeeRecipient
FNDA:0,RoycoKernel.setProtocolFeeRecipient
DA:520,0
BRDA:520,13,0,-
BRDA:520,13,1,-
DA:521,0
DA:522,0
DA:526,0
FN:526,RoycoKernel.setJuniorTrancheRedemptionDelay
FNDA:0,RoycoKernel.setJuniorTrancheRedemptionDelay
DA:527,0
DA:528,0
DA:539,28194
FN:539,RoycoKernel._previewSyncTrancheAccounting
FNDA:28194,RoycoKernel._previewSyncTrancheAccounting
DA:541,28194
DA:553,6238
FN:553,RoycoKernel._preOpSyncTrancheAccounting.0
FNDA:6238,RoycoKernel._preOpSyncTrancheAccounting.0
DA:559,6238
DA:562,6238
DA:563,6238
DA:564,6238
DA:565,6238
DA:567,6238
BRDA:567,14,0,201
DA:568,201
DA:572,6238
BRDA:572,15,0,6037
DA:573,6037
DA:578,6238
DA:581,6238
DA:584,6238
DA:593,3709
FN:593,RoycoKernel._preOpSyncTrancheAccounting.1
FNDA:3709,RoycoKernel._preOpSyncTrancheAccounting.1
DA:595,3709
DA:598,3709
DA:599,3709
BRDA:599,16,0,-
DA:600,0
DA:602,0
BRDA:602,17,0,-
DA:603,0
DA:606,0
BRDA:606,18,0,-
DA:607,0
DA:618,2909
FN:618,RoycoKernel._postOpSyncTrancheAccounting
FNDA:2909,RoycoKernel._postOpSyncTrancheAccounting
DA:620,2909
DA:621,2909
DA:622,2909
DA:631,2811
FN:631,RoycoKernel._postOpSyncTrancheAccountingAndEnforceCoverage
FNDA:2811,RoycoKernel._postOpSyncTrancheAccountingAndEnforceCoverage
DA:633,2811
DA:644,32726
FN:644,RoycoKernel._decomposeNAVClaims
FNDA:32726,RoycoKernel._decomposeNAVClaims
DA:651,32726
DA:652,32726
DA:655,32726
DA:656,32726
DA:670,32726
FN:670,RoycoKernel._marshalAssetClaims
FNDA:32726,RoycoKernel._marshalAssetClaims
DA:684,32726
BRDA:684,19,0,10130
BRDA:684,19,1,22596
DA:685,10130
BRDA:685,20,0,3003
DA:686,10130
BRDA:686,21,0,-
DA:687,10130
DA:689,22596
BRDA:689,22,0,-
DA:690,22596
BRDA:690,23,0,21392
DA:691,22596
DA:704,2011
FN:704,RoycoKernel._withdrawAssets
FNDA:2011,RoycoKernel._withdrawAssets
DA:705,2011
DA:706,2011
DA:708,2011
BRDA:708,24,0,201
DA:709,2011
BRDA:709,25,0,1810
DA:718,400
FN:718,RoycoKernel._previewRedeem
FNDA:400,RoycoKernel._previewRedeem
DA:720,400
DA:721,400
DA:724,400
DA:725,400
DA:726,400
DA:734,7645
FN:734,RoycoKernel._getRedeemableSharesForRequest
FNDA:7645,RoycoKernel._getRedeemableSharesForRequest
DA:736,7645
BRDA:736,26,0,2617
DA:738,5028
DA:745,46971
FN:745,RoycoKernel._accountant
FNDA:46971,RoycoKernel._accountant
DA:746,46971
FNF:37
FNH:33
LF:178
LH:160
BRF:40
BRH:24
end_of_record
TN:
SF:src/kernels/base/junior/AaveV3_JT_Kernel.sol
DA:48,53
FN:48,AaveV3_JT_Kernel.__AaveV3_JT_Kernel_init_unchained
FNDA:53,AaveV3_JT_Kernel.__AaveV3_JT_Kernel_init_unchained
DA:51,53
DA:52,53
BRDA:52,0,0,-
BRDA:52,0,1,53
DA:55,53
DA:58,53
DA:59,53
DA:60,53
DA:61,53
DA:65,1306
FN:65,AaveV3_JT_Kernel.jtPreviewDeposit
FNDA:1306,AaveV3_JT_Kernel.jtPreviewDeposit
DA:73,1306
DA:74,1306
DA:78,44662
FN:78,AaveV3_JT_Kernel._getJuniorTrancheRawNAV
FNDA:44662,AaveV3_JT_Kernel._getJuniorTrancheRawNAV
DA:81,44662
DA:85,200
FN:85,AaveV3_JT_Kernel._jtMaxDepositGlobally
FNDA:200,AaveV3_JT_Kernel._jtMaxDepositGlobally
DA:87,200
DA:88,200
DA:89,200
DA:92,200
DA:93,200
BRDA:93,1,0,-
DA:96,200
DA:97,200
BRDA:97,2,0,-
DA:100,200
DA:101,200
DA:103,200
DA:106,200
DA:118,200
FN:118,AaveV3_JT_Kernel._getTotalAccruedToTreasuryAndLent
FNDA:200,AaveV3_JT_Kernel._getTotalAccruedToTreasuryAndLent
DA:126,200
DA:127,200
DA:130,200
DA:131,200
DA:134,200
DA:138,200
DA:139,200
DA:141,200
BRDA:141,3,0,-
BRDA:141,3,1,200
DA:145,2709
FN:145,AaveV3_JT_Kernel._jtMaxWithdrawableGlobally
FNDA:2709,AaveV3_JT_Kernel._jtMaxWithdrawableGlobally
DA:147,2709
DA:148,2709
DA:149,2709
DA:152,2709
DA:153,2709
BRDA:153,4,0,-
DA:156,2709
DA:160,400
FN:160,AaveV3_JT_Kernel._jtPreviewWithdraw
FNDA:400,AaveV3_JT_Kernel._jtPreviewWithdraw
DA:161,400
DA:165,2708
FN:165,AaveV3_JT_Kernel._jtDepositAssets
FNDA:2708,AaveV3_JT_Kernel._jtDepositAssets
DA:168,2708
DA:172,1810
FN:172,AaveV3_JT_Kernel._jtWithdrawAssets
FNDA:1810,AaveV3_JT_Kernel._jtWithdrawAssets
DA:174,1810
DA:175,1810
DA:176,1810
DA:177,1810
BRDA:177,5,0,1810
DA:180,0
DA:188,52142
FN:188,AaveV3_JT_Kernel._getAaveV3JTKernelStorage
FNDA:52142,AaveV3_JT_Kernel._getAaveV3JTKernelStorage
DA:190,52142
FNF:10
FNH:10
LF:53
LH:52
BRF:8
BRH:3
end_of_record
TN:
SF:src/kernels/base/junior/ERC4626_JT_Kernel.sol
DA:27,0
FN:27,ERC4626_JT_Kernel.__ERC4626_JT_Kernel_init_unchained
FNDA:0,ERC4626_JT_Kernel.__ERC4626_JT_Kernel_init_unchained
DA:29,0
BRDA:29,0,0,-
BRDA:29,0,1,-
DA:32,0
DA:35,0
DA:39,0
FN:39,ERC4626_JT_Kernel.jtPreviewDeposit
FNDA:0,ERC4626_JT_Kernel.jtPreviewDeposit
DA:40,0
DA:43,0
DA:46,0
DA:49,0
DA:50,0
DA:54,0
FN:54,ERC4626_JT_Kernel._getJuniorTrancheRawNAV
FNDA:0,ERC4626_JT_Kernel._getJuniorTrancheRawNAV
DA:55,0
DA:58,0
DA:59,0
DA:63,0
FN:63,ERC4626_JT_Kernel._jtMaxDepositGlobally
FNDA:0,ERC4626_JT_Kernel._jtMaxDepositGlobally
DA:65,0
DA:69,0
FN:69,ERC4626_JT_Kernel._jtMaxWithdrawableGlobally
FNDA:0,ERC4626_JT_Kernel._jtMaxWithdrawableGlobally
DA:71,0
DA:75,0
FN:75,ERC4626_JT_Kernel._jtPreviewWithdraw
FNDA:0,ERC4626_JT_Kernel._jtPreviewWithdraw
DA:76,0
DA:78,0
DA:80,0
DA:84,0
FN:84,ERC4626_JT_Kernel._jtDepositAssets
FNDA:0,ERC4626_JT_Kernel._jtDepositAssets
DA:86,0
DA:87,0
DA:91,0
FN:91,ERC4626_JT_Kernel._jtWithdrawAssets
FNDA:0,ERC4626_JT_Kernel._jtWithdrawAssets
DA:92,0
DA:93,0
DA:95,0
DA:97,0
BRDA:97,1,0,-
BRDA:97,1,1,-
DA:98,0
DA:102,0
DA:103,0
FNF:8
FNH:0
LF:33
LH:0
BRF:4
BRH:0
end_of_record
TN:
SF:src/kernels/base/quoter/IdenticalAssetsQuoter.sol
DA:27,53
FN:27,IdenticalAssetsQuoter.__IdenticalAssetsQuoter_init_unchained
FNDA:53,IdenticalAssetsQuoter.__IdenticalAssetsQuoter_init_unchained
DA:29,53
BRDA:29,0,0,-
BRDA:29,0,1,53
DA:34,1401
FN:34,IdenticalAssetsQuoter.stConvertTrancheUnitsToNAVUnits
FNDA:1401,IdenticalAssetsQuoter.stConvertTrancheUnitsToNAVUnits
DA:35,54590
DA:40,3716
FN:40,IdenticalAssetsQuoter.jtConvertTrancheUnitsToNAVUnits
FNDA:3716,IdenticalAssetsQuoter.jtConvertTrancheUnitsToNAVUnits
DA:41,57811
DA:46,0
FN:46,IdenticalAssetsQuoter.stConvertNAVUnitsToTrancheUnits
FNDA:0,IdenticalAssetsQuoter.stConvertNAVUnitsToTrancheUnits
DA:47,3804
DA:52,0
FN:52,IdenticalAssetsQuoter.jtConvertNAVUnitsToTrancheUnits
FNDA:0,IdenticalAssetsQuoter.jtConvertNAVUnitsToTrancheUnits
DA:53,21392
FNF:5
FNH:3
LF:10
LH:8
BRF:2
BRH:1
end_of_record
TN:
SF:src/kernels/base/quoter/InKindAssetsQuoter.sol
DA:42,0
FN:42,InKindAssetsQuoter.__InKindAssetsQuoter_init_unchained
FNDA:0,InKindAssetsQuoter.__InKindAssetsQuoter_init_unchained
DA:44,0
DA:45,0
DA:46,0
BRDA:46,0,0,-
BRDA:46,0,1,-
DA:50,0
DA:51,0
DA:54,0
DA:55,0
DA:56,0
DA:61,0
FN:61,InKindAssetsQuoter.stConvertTrancheUnitsToNAVUnits
FNDA:0,InKindAssetsQuoter.stConvertTrancheUnitsToNAVUnits
DA:62,0
DA:67,0
FN:67,InKindAssetsQuoter.jtConvertTrancheUnitsToNAVUnits
FNDA:0,InKindAssetsQuoter.jtConvertTrancheUnitsToNAVUnits
DA:68,0
DA:73,0
FN:73,InKindAssetsQuoter.stConvertNAVUnitsToTrancheUnits
FNDA:0,InKindAssetsQuoter.stConvertNAVUnitsToTrancheUnits
DA:74,0
DA:79,0
FN:79,InKindAssetsQuoter.jtConvertNAVUnitsToTrancheUnits
FNDA:0,InKindAssetsQuoter.jtConvertNAVUnitsToTrancheUnits
DA:80,0
DA:88,0
FN:88,InKindAssetsQuoter._getInKindAssetsQuoterStorage
FNDA:0,InKindAssetsQuoter._getInKindAssetsQuoterStorage
DA:90,0
FNF:6
FNH:0
LF:19
LH:0
BRF:2
BRH:0
end_of_record
TN:
SF:src/kernels/base/senior/ERC4626_ST_Kernel.sol
DA:34,53
FN:34,ERC4626_ST_Kernel.__ERC4626_ST_Kernel_init_unchained
FNDA:53,ERC4626_ST_Kernel.__ERC4626_ST_Kernel_init_unchained
DA:36,53
BRDA:36,0,0,-
BRDA:36,0,1,53
DA:39,53
DA:42,53
DA:46,400
FN:46,ERC4626_ST_Kernel.stPreviewDeposit
FNDA:400,ERC4626_ST_Kernel.stPreviewDeposit
DA:47,400
DA:50,400
DA:53,400
DA:56,400
DA:57,400
DA:61,400
FN:61,ERC4626_ST_Kernel.stPreviewRedeem
FNDA:400,ERC4626_ST_Kernel.stPreviewRedeem
DA:62,400
DA:66,44662
FN:66,ERC4626_ST_Kernel._getSeniorTrancheRawNAV
FNDA:44662,ERC4626_ST_Kernel._getSeniorTrancheRawNAV
DA:67,44662
DA:70,44662
DA:71,44662
DA:75,801
FN:75,ERC4626_ST_Kernel._stMaxDepositGlobally
FNDA:801,ERC4626_ST_Kernel._stMaxDepositGlobally
DA:77,801
DA:81,2709
FN:81,ERC4626_ST_Kernel._stMaxWithdrawableGlobally
FNDA:2709,ERC4626_ST_Kernel._stMaxWithdrawableGlobally
DA:83,2709
DA:87,400
FN:87,ERC4626_ST_Kernel._stPreviewWithdraw
FNDA:400,ERC4626_ST_Kernel._stPreviewWithdraw
DA:88,400
DA:90,400
DA:92,400
DA:96,1001
FN:96,ERC4626_ST_Kernel._stDepositAssets
FNDA:1001,ERC4626_ST_Kernel._stDepositAssets
DA:98,1001
DA:99,1001
DA:103,201
FN:103,ERC4626_ST_Kernel._stWithdrawAssets
FNDA:201,ERC4626_ST_Kernel._stWithdrawAssets
DA:104,201
DA:105,201
DA:107,201
DA:109,201
BRDA:109,1,0,201
BRDA:109,1,1,-
DA:110,201
DA:114,0
DA:115,0
FNF:9
FNH:9
LF:35
LH:33
BRF:4
BRH:2
end_of_record
TN:
SF:src/libraries/RoycoKernelStorageLib.sol
DA:72,118885
FN:72,RoycoKernelStorageLib._getRoycoKernelStorage
FNDA:118885,RoycoKernelStorageLib._getRoycoKernelStorage
DA:74,118885
DA:80,53
FN:80,RoycoKernelStorageLib.__RoycoKernel_init
FNDA:53,RoycoKernelStorageLib.__RoycoKernel_init
DA:82,53
DA:83,53
DA:84,53
DA:85,53
DA:86,53
DA:87,53
DA:88,53
DA:89,53
FNF:2
FNH:2
LF:11
LH:11
BRF:0
BRH:0
end_of_record
TN:
SF:src/libraries/RoycoTrancheStorageLib.sol
DA:43,161589
FN:43,RoycoTrancheStorageLib._getRoycoTrancheStorage
FNDA:161589,RoycoTrancheStorageLib._getRoycoTrancheStorage
DA:45,161589
DA:57,111
FN:57,RoycoTrancheStorageLib.__RoycoTranche_init
FNDA:111,RoycoTrancheStorageLib.__RoycoTranche_init
DA:68,111
DA:69,111
DA:70,111
DA:71,111
DA:72,111
DA:73,111
DA:74,111
DA:75,111
DA:76,111
BRDA:76,0,0,56
BRDA:76,0,1,55
DA:77,56
DA:78,56
DA:80,55
DA:81,55
FNF:2
FNH:2
LF:16
LH:16
BRF:2
BRH:2
end_of_record
TN:
SF:src/libraries/Units.sol
DA:18,10863
FN:18,UnitsMathLib.min.0
FNDA:10863,UnitsMathLib.min.0
DA:19,10863
DA:23,801
FN:23,UnitsMathLib.min.1
FNDA:801,UnitsMathLib.min.1
DA:24,801
DA:28,90233
FN:28,UnitsMathLib.computeNAVDelta
FNDA:90233,UnitsMathLib.computeNAVDelta
DA:29,90233
DA:33,134815
FN:33,UnitsMathLib.saturatingSub
FNDA:134815,UnitsMathLib.saturatingSub
DA:34,134815
DA:38,1810
FN:38,UnitsMathLib.mulDiv.0
FNDA:1810,UnitsMathLib.mulDiv.0
DA:39,1810
DA:43,36559
FN:43,UnitsMathLib.mulDiv.1
FNDA:36559,UnitsMathLib.mulDiv.1
DA:44,36559
DA:48,7621
FN:48,UnitsMathLib.mulDiv.2
FNDA:7621,UnitsMathLib.mulDiv.2
DA:49,7621
DA:53,3620
FN:53,UnitsMathLib.mulDiv.3
FNDA:3620,UnitsMathLib.mulDiv.3
DA:54,3620
DA:58,19871
FN:58,UnitsMathLib.mulDiv.4
FNDA:19871,UnitsMathLib.mulDiv.4
DA:59,19871
DA:63,2709
FN:63,UnitsMathLib.mulDiv.5
FNDA:2709,UnitsMathLib.mulDiv.5
DA:64,2709
FNF:10
FNH:10
LF:20
LH:20
BRF:0
BRH:0
end_of_record
TN:
SF:src/libraries/UtilsLib.sol
DA:26,8446
FN:26,UtilsLib.computeUtilization
FNDA:8446,UtilsLib.computeUtilization
DA:38,8446
BRDA:38,0,0,5240
DA:40,3206
BRDA:40,1,0,203
DA:42,3003
DA:52,9735
FN:52,UtilsLib.scaleAssetClaims.0
FNDA:9735,UtilsLib.scaleAssetClaims.0
DA:57,9735
DA:58,9735
DA:59,9735
DA:69,1810
FN:69,UtilsLib.scaleAssetClaims.1
FNDA:1810,UtilsLib.scaleAssetClaims.1
DA:78,1810
DA:79,1810
DA:80,1810
FNF:3
FNH:3
LF:12
LH:12
BRF:2
BRH:2
end_of_record
TN:
SF:src/libraries/kernels/ERC4626KernelStorageLib.sol
DA:33,50227
FN:33,ERC4626KernelStorageLib._getERC4626KernelStorage
FNDA:50227,ERC4626KernelStorageLib._getERC4626KernelStorage
DA:35,50227
FNF:1
FNH:1
LF:2
LH:2
BRF:0
BRH:0
end_of_record
TN:
SF:src/ydm/StaticCurveYDM.sol
DA:38,1812
FN:38,StaticCurveYDM.previewJTYieldShare
FNDA:1812,StaticCurveYDM.previewJTYieldShare
DA:49,1812
DA:53,2821
FN:53,StaticCurveYDM.jtYieldShare
FNDA:2821,StaticCurveYDM.jtYieldShare
DA:64,2821
DA:68,4633
FN:68,StaticCurveYDM._computeJTYieldShare
FNDA:4633,StaticCurveYDM._computeJTYieldShare
DA:94,4633
DA:97,4633
BRDA:97,0,0,207
BRDA:97,0,1,4397
DA:99,207
DA:100,4426
BRDA:100,1,0,29
BRDA:100,1,1,4397
DA:102,29
DA:105,4397
FNF:3
FNH:3
LF:11
LH:11
BRF:4
BRH:4
end_of_record
TN:
SF:src/tranches/RoycoJT.sol
DA:14,55
FN:14,RoycoJT.initialize
FNDA:55,RoycoJT.initialize
DA:16,55
DA:20,1
FN:20,RoycoJT.TRANCHE_TYPE
FNDA:1,RoycoJT.TRANCHE_TYPE
DA:21,47277
FNF:2
FNH:2
LF:4
LH:4
BRF:0
BRH:0
end_of_record
TN:
SF:src/tranches/RoycoST.sol
DA:14,56
FN:14,RoycoST.initialize
FNDA:56,RoycoST.initialize
DA:16,56
DA:20,1
FN:20,RoycoST.TRANCHE_TYPE
FNDA:1,RoycoST.TRANCHE_TYPE
DA:21,16498
FNF:2
FNH:2
LF:4
LH:4
BRF:0
BRH:0
end_of_record
TN:
SF:src/tranches/RoycoVaultTranche.sol
DA:62,400
FN:62,RoycoVaultTranche.executionIsSync
FNDA:400,RoycoVaultTranche.executionIsSync
DA:63,400
BRDA:63,0,0,-
BRDA:63,0,1,1706
DA:73,201
FN:73,RoycoVaultTranche.executionIsAsync
FNDA:201,RoycoVaultTranche.executionIsAsync
DA:74,201
BRDA:74,1,0,-
BRDA:74,1,1,4627
DA:84,201
FN:84,RoycoVaultTranche.onlyCallerOrOperator
FNDA:201,RoycoVaultTranche.onlyCallerOrOperator
DA:85,201
BRDA:85,2,0,-
BRDA:85,2,1,3219
DA:97,111
FN:97,RoycoVaultTranche.__RoycoTranche_init
FNDA:111,RoycoVaultTranche.__RoycoTranche_init
DA:107,111
DA:108,111
DA:109,111
DA:110,111
DA:113,111
DA:123,111
FN:123,RoycoVaultTranche.__RoycoTranche_init_unchained
FNDA:111,RoycoVaultTranche.__RoycoTranche_init_unchained
DA:125,111
DA:126,111
DA:129,111
DA:133,99
FN:133,RoycoVaultTranche.kernel
FNDA:99,RoycoVaultTranche.kernel
DA:134,55138
DA:138,2
FN:138,RoycoVaultTranche.marketId
FNDA:2,RoycoVaultTranche.marketId
DA:139,2
DA:143,6824
FN:143,RoycoVaultTranche.totalAssets
FNDA:6824,RoycoVaultTranche.totalAssets
DA:144,6824
DA:148,6620
FN:148,RoycoVaultTranche.getRawNAV
FNDA:6620,RoycoVaultTranche.getRawNAV
DA:149,6620
DA:150,6620
DA:154,1001
FN:154,RoycoVaultTranche.maxDeposit
FNDA:1001,RoycoVaultTranche.maxDeposit
DA:155,1001
DA:171,2709
FN:171,RoycoVaultTranche.maxRedeem
FNDA:2709,RoycoVaultTranche.maxRedeem
DA:173,2709
DA:175,2709
DA:176,2709
DA:180,2709
DA:181,2709
DA:182,2709
DA:183,2709
DA:184,2709
DA:188,1706
FN:188,RoycoVaultTranche.previewDeposit
FNDA:1706,RoycoVaultTranche.previewDeposit
DA:190,1706
DA:194,1706
DA:195,1706
DA:196,1706
DA:199,1706
DA:203,400
FN:203,RoycoVaultTranche.previewRedeem
FNDA:400,RoycoVaultTranche.previewRedeem
DA:211,400
DA:215,9134
FN:215,RoycoVaultTranche.convertToAssets
FNDA:9134,RoycoVaultTranche.convertToAssets
DA:217,9134
DA:218,9134
DA:222,0
FN:222,RoycoVaultTranche.convertToShares
FNDA:0,RoycoVaultTranche.convertToShares
DA:224,0
DA:228,0
DA:229,0
DA:233,3709
FN:233,RoycoVaultTranche.deposit
FNDA:3709,RoycoVaultTranche.deposit
DA:246,3709
BRDA:246,3,0,-
BRDA:246,3,1,3709
DA:248,3709
DA:252,3709
BRDA:252,4,0,3709
DA:253,3709
DA:257,3709
DA:261,3309
BRDA:261,5,0,-
BRDA:261,5,1,3309
DA:266,3309
DA:269,3309
DA:271,3309
DA:275,3219
FN:275,RoycoVaultTranche.redeem
FNDA:3219,RoycoVaultTranche.redeem
DA:288,3219
BRDA:288,6,0,-
BRDA:288,6,1,3219
DA:292,3219
DA:299,1810
DA:301,1810
DA:309,0
FN:309,RoycoVaultTranche.isOperator
FNDA:0,RoycoVaultTranche.isOperator
DA:310,0
DA:314,0
FN:314,RoycoVaultTranche.setOperator
FNDA:0,RoycoVaultTranche.setOperator
DA:316,0
DA:317,0
DA:320,0
DA:325,0
FN:325,RoycoVaultTranche.requestDeposit
FNDA:0,RoycoVaultTranche.requestDeposit
DA:339,0
DA:342,0
DA:345,0
DA:350,0
DA:355,0
FN:355,RoycoVaultTranche.pendingDepositRequest
FNDA:0,RoycoVaultTranche.pendingDepositRequest
DA:366,0
DA:374,0
FN:374,RoycoVaultTranche.claimableDepositRequest
FNDA:0,RoycoVaultTranche.claimableDepositRequest
DA:385,0
DA:393,3019
FN:393,RoycoVaultTranche.requestRedeem
FNDA:3019,RoycoVaultTranche.requestRedeem
DA:407,3019
BRDA:407,7,0,-
BRDA:407,7,1,3019
DA:410,3019
BRDA:410,8,0,-
DA:411,0
DA:415,3019
DA:421,3019
BRDA:421,9,0,3019
BRDA:421,9,1,-
DA:423,3019
DA:426,0
DA:429,3019
DA:434,4627
FN:434,RoycoVaultTranche.pendingRedeemRequest
FNDA:4627,RoycoVaultTranche.pendingRedeemRequest
DA:445,4627
DA:453,4627
FN:453,RoycoVaultTranche.claimableRedeemRequest
FNDA:4627,RoycoVaultTranche.claimableRedeemRequest
DA:464,4627
DA:476,0
FN:476,RoycoVaultTranche.cancelDepositRequest
FNDA:0,RoycoVaultTranche.cancelDepositRequest
DA:488,0
BRDA:488,10,0,-
BRDA:488,10,1,-
DA:489,0
DA:491,0
DA:494,0
DA:499,0
FN:499,RoycoVaultTranche.pendingCancelDepositRequest
FNDA:0,RoycoVaultTranche.pendingCancelDepositRequest
DA:510,0
DA:517,0
FN:517,RoycoVaultTranche.claimableCancelDepositRequest
FNDA:0,RoycoVaultTranche.claimableCancelDepositRequest
DA:528,0
DA:536,0
FN:536,RoycoVaultTranche.claimCancelDepositRequest
FNDA:0,RoycoVaultTranche.claimCancelDepositRequest
DA:550,0
DA:554,0
DA:559,201
FN:559,RoycoVaultTranche.cancelRedeemRequest
FNDA:201,RoycoVaultTranche.cancelRedeemRequest
DA:572,201
BRDA:572,11,0,-
BRDA:572,11,1,201
DA:573,0
DA:575,201
DA:578,201
DA:583,201
FN:583,RoycoVaultTranche.pendingCancelRedeemRequest
FNDA:201,RoycoVaultTranche.pendingCancelRedeemRequest
DA:594,201
DA:602,603
FN:602,RoycoVaultTranche.claimableCancelRedeemRequest
FNDA:603,RoycoVaultTranche.claimableCancelRedeemRequest
DA:613,603
DA:621,201
FN:621,RoycoVaultTranche.claimCancelRedeemRequest
FNDA:201,RoycoVaultTranche.claimCancelRedeemRequest
DA:635,201
DA:641,201
BRDA:641,12,0,-
BRDA:641,12,1,201
DA:644,201
BRDA:644,13,0,-
BRDA:644,13,1,201
DA:646,0
DA:649,201
DA:652,201
DA:656,26488
FN:656,RoycoVaultTranche.previewMintProtocolFeeShares
FNDA:26488,RoycoVaultTranche.previewMintProtocolFeeShares
DA:669,34432
DA:670,34432
DA:673,34432
DA:677,6238
FN:677,RoycoVaultTranche.mintProtocolFeeShares
FNDA:6238,RoycoVaultTranche.mintProtocolFeeShares
DA:688,6238
BRDA:688,14,0,-
BRDA:688,14,1,6238
DA:691,6238
DA:692,6238
BRDA:692,15,0,2584
DA:694,6238
DA:698,0
FN:698,RoycoVaultTranche.decimals
FNDA:0,RoycoVaultTranche.decimals
DA:699,0
DA:703,108
FN:703,RoycoVaultTranche.asset
FNDA:108,RoycoVaultTranche.asset
DA:704,3817
DA:708,0
FN:708,RoycoVaultTranche.supportsInterface
FNDA:0,RoycoVaultTranche.supportsInterface
DA:709,0
DA:710,0
DA:711,0
DA:721,1810
FN:721,RoycoVaultTranche._redeem
FNDA:1810,RoycoVaultTranche._redeem
DA:723,1810
BRDA:723,16,0,201
BRDA:723,16,1,1609
DA:725,201
BRDA:725,17,0,-
DA:727,201
DA:729,1609
BRDA:729,18,0,1609
DA:731,1609
DA:740,9134
FN:740,RoycoVaultTranche._previewPostSyncTrancheState
FNDA:9134,RoycoVaultTranche._previewPostSyncTrancheState
DA:742,9134
DA:743,9134
DA:744,9134
DA:755,39447
FN:755,RoycoVaultTranche._convertToShares
FNDA:39447,RoycoVaultTranche._convertToShares
DA:756,39447
DA:760,76588
FN:760,RoycoVaultTranche._decimalsOffset
FNDA:76588,RoycoVaultTranche._decimalsOffset
DA:761,76588
DA:769,10349
FN:769,RoycoVaultTranche._isCallerOrOperator
FNDA:10349,RoycoVaultTranche._isCallerOrOperator
DA:770,10349
DA:774,21104
FN:774,RoycoVaultTranche._isSync
FNDA:21104,RoycoVaultTranche._isSync
DA:775,21104
DA:781,4829
FN:781,RoycoVaultTranche._requestRedeemSharesBehavior
FNDA:4829,RoycoVaultTranche._requestRedeemSharesBehavior
DA:782,4829
DA:788,76588
FN:788,RoycoVaultTranche._withVirtualShares
FNDA:76588,RoycoVaultTranche._withVirtualShares
DA:789,76588
DA:793,39447
FN:793,RoycoVaultTranche._withVirtualAssets
FNDA:39447,RoycoVaultTranche._withVirtualAssets
DA:794,39447
DA:798,10923
FN:798,RoycoVaultTranche._update
FNDA:10923,RoycoVaultTranche._update
DA:799,10923
FNF:48
FNH:36
LF:165
LH:124
BRF:33
BRH:17
end_of_record
TN:
SF:test/base/Assertions.t.sol
DA:8,2812
FN:8,Assertions.assertEq.0
FNDA:2812,Assertions.assertEq.0
DA:9,2812
DA:12,0
FN:12,Assertions.assertNotEq.0
FNDA:0,Assertions.assertNotEq.0
DA:13,0
DA:16,0
FN:16,Assertions.assertLt.0
FNDA:0,Assertions.assertLt.0
DA:17,0
DA:20,0
FN:20,Assertions.assertLe.0
FNDA:0,Assertions.assertLe.0
DA:21,0
DA:24,200
FN:24,Assertions.assertGt.0
FNDA:200,Assertions.assertGt.0
DA:25,200
DA:28,0
FN:28,Assertions.assertGe.0
FNDA:0,Assertions.assertGe.0
DA:29,0
DA:32,16052
FN:32,Assertions.assertApproxEqAbs.0
FNDA:16052,Assertions.assertApproxEqAbs.0
DA:33,16052
DA:36,1507
FN:36,Assertions.assertApproxEqRel.0
FNDA:1507,Assertions.assertApproxEqRel.0
DA:37,1507
DA:40,1001
FN:40,Assertions.assertApproxEqAbs.1
FNDA:1001,Assertions.assertApproxEqAbs.1
DA:41,1001
DA:44,4220
FN:44,Assertions.assertEq.1
FNDA:4220,Assertions.assertEq.1
DA:45,4220
DA:48,0
FN:48,Assertions.assertNotEq.1
FNDA:0,Assertions.assertNotEq.1
DA:49,0
DA:52,0
FN:52,Assertions.assertLt.1
FNDA:0,Assertions.assertLt.1
DA:53,0
DA:56,0
FN:56,Assertions.assertLe.1
FNDA:0,Assertions.assertLe.1
DA:57,0
DA:60,0
FN:60,Assertions.assertGt.1
FNDA:0,Assertions.assertGt.1
DA:61,0
DA:64,0
FN:64,Assertions.assertGe.1
FNDA:0,Assertions.assertGe.1
DA:65,0
DA:68,13236
FN:68,Assertions.assertApproxEqAbs.2
FNDA:13236,Assertions.assertApproxEqAbs.2
DA:69,13236
DA:72,2208
FN:72,Assertions.assertApproxEqAbs.3
FNDA:2208,Assertions.assertApproxEqAbs.3
DA:73,2208
DA:76,0
FN:76,Assertions.assertApproxEqRel.1
FNDA:0,Assertions.assertApproxEqRel.1
DA:77,0
FNF:18
FNH:8
LF:36
LH:16
BRF:0
BRH:0
end_of_record
TN:
SF:test/base/BaseTest.t.sol
DA:115,69
FN:115,BaseTest.constructor
FNDA:69,BaseTest.constructor
DA:116,69
DA:119,69
FN:119,BaseTest.prankModifier
FNDA:69,BaseTest.prankModifier
DA:120,69
DA:122,69
DA:125,69
FN:125,BaseTest._setUpRoyco
FNDA:69,BaseTest._setUpRoyco
DA:126,69
DA:127,69
DA:128,69
DA:131,69
DA:132,69
DA:135,69
DA:136,69
DA:137,69
DA:138,69
DA:141,69
DA:142,69
DA:145,69
DA:146,69
DA:149,69
DA:150,69
DA:152,69
DA:155,69
FN:155,BaseTest._setupFork
FNDA:69,BaseTest._setupFork
DA:156,69
DA:157,69
BRDA:157,0,0,42
DA:158,42
BRDA:158,1,0,-
BRDA:158,1,1,42
DA:159,42
DA:163,69
FN:163,BaseTest._setupAssets
FNDA:69,BaseTest._setupAssets
DA:164,69
DA:165,69
DA:166,69
DA:167,69
DA:168,69
DA:170,69
DA:171,69
DA:172,69
DA:173,69
DA:174,69
DA:176,69
DA:177,69
DA:178,69
DA:179,69
DA:180,69
DA:183,69
FN:183,BaseTest._setupWallets
FNDA:69,BaseTest._setupWallets
DA:185,69
DA:186,69
DA:187,69
DA:188,69
DA:189,69
DA:190,69
DA:191,69
DA:192,69
DA:195,69
DA:196,69
DA:197,69
DA:198,69
DA:199,69
DA:200,69
DA:201,69
DA:202,69
DA:204,69
DA:205,69
DA:206,69
DA:207,69
DA:210,42
FN:210,BaseTest._setDeployedMarket
FNDA:42,BaseTest._setDeployedMarket
DA:211,42
DA:212,42
DA:213,42
DA:214,42
DA:215,42
DA:217,42
DA:218,42
DA:219,42
DA:220,42
DA:223,1658
FN:223,BaseTest._initWallet
FNDA:1658,BaseTest._initWallet
DA:224,1658
DA:225,1658
DA:226,1658
DA:227,1658
DA:234,9
FN:234,BaseTest._setUpTrancheRoles
FNDA:9,BaseTest._setUpTrancheRoles
DA:235,9
DA:236,9
DA:237,9
DA:238,36
DA:239,36
DA:240,36
DA:241,36
DA:247,0
FN:247,BaseTest._setUpKernelRoles
FNDA:0,BaseTest._setUpKernelRoles
DA:248,0
DA:252,69
FN:252,BaseTest._setupFactoryAuth
FNDA:69,BaseTest._setupFactoryAuth
DA:253,69
DA:254,69
DA:255,69
DA:261,1106
FN:261,BaseTest._generateProvider
FNDA:1106,BaseTest._generateProvider
DA:263,1106
DA:264,1106
DA:267,1106
DA:268,1106
DA:270,1106
DA:276,3309
FN:276,BaseTest._verifyPreviewNAVs
FNDA:3309,BaseTest._verifyPreviewNAVs
DA:285,3309
DA:286,3309
DA:288,3309
DA:289,3309
DA:290,3309
DA:291,3309
DA:292,3309
DA:294,3309
DA:295,3309
DA:296,3309
DA:297,3309
DA:298,3309
DA:305,2106
FN:305,BaseTest._verifyFeeTaken
FNDA:2106,BaseTest._verifyFeeTaken
DA:306,2106
DA:307,2106
DA:308,2106
DA:310,2106
DA:311,2106
DA:312,2106
DA:321,2909
FN:321,BaseTest._updateOnDeposit
FNDA:2909,BaseTest._updateOnDeposit
DA:330,2909
DA:331,2909
DA:332,2909
BRDA:332,2,0,601
BRDA:332,2,1,2308
DA:333,601
DA:335,2308
DA:337,2909
DA:346,0
FN:346,BaseTest._updateOnWithdraw
FNDA:0,BaseTest._updateOnWithdraw
DA:355,0
DA:356,0
DA:357,0
DA:358,0
DA:359,0
DA:368,72
FN:368,BaseTest._generateRolesConfiguration
FNDA:72,BaseTest._generateRolesConfiguration
DA:379,72
DA:380,72
DA:382,72
DA:383,72
DA:385,72
DA:386,72
DA:388,72
DA:389,72
DA:391,72
DA:392,72
DA:394,72
DA:395,72
DA:397,72
DA:398,72
DA:400,72
DA:401,72
DA:403,72
DA:404,72
DA:406,72
DA:407,72
DA:409,72
DA:410,72
DA:413,72
DA:414,72
DA:416,72
DA:417,72
DA:419,72
DA:420,72
DA:422,72
DA:423,72
DA:425,72
DA:426,72
DA:428,72
DA:429,72
DA:431,72
DA:432,72
DA:434,72
DA:435,72
DA:437,72
DA:438,72
DA:440,72
DA:441,72
DA:443,72
DA:444,72
DA:446,72
DA:447,72
DA:449,72
DA:450,72
DA:452,72
DA:453,72
DA:455,72
DA:456,72
DA:458,72
DA:459,72
DA:461,72
DA:462,72
DA:465,72
DA:466,72
DA:468,72
DA:469,72
DA:471,72
DA:472,72
DA:474,72
DA:475,72
DA:477,72
DA:478,72
DA:480,72
DA:481,72
DA:483,72
DA:484,72
DA:487,72
DA:488,72
DA:489,72
DA:490,72
DA:491,72
DA:497,3716
FN:497,BaseTest._toJTValue
FNDA:3716,BaseTest._toJTValue
DA:498,3716
DA:504,1401
FN:504,BaseTest._toSTValue
FNDA:1401,BaseTest._toSTValue
DA:505,1401
DA:512,0
FN:512,BaseTest._deployKernel
FNDA:0,BaseTest._deployKernel
DA:513,0
DA:519,27
FN:519,BaseTest._forkConfiguration
FNDA:27,BaseTest._forkConfiguration
DA:520,27
FNF:21
FNH:18
LF:216
LH:206
BRF:5
BRH:4
end_of_record
TN:
SF:test/erc4626st-aavejt/base/MainnetForkWithAaveBaseTest.t.sol
DA:35,42
FN:35,MainnetForkWithAaveTestBase.constructor
FNDA:42,MainnetForkWithAaveTestBase.constructor
DA:36,42
DA:37,42
DA:38,42
DA:41,42
FN:41,MainnetForkWithAaveTestBase._setUpRoyco
FNDA:42,MainnetForkWithAaveTestBase._setUpRoyco
DA:43,42
DA:44,42
DA:45,42
DA:48,42
DA:49,42
DA:50,42
DA:53,42
DA:56,42
DA:57,42
DA:59,42
DA:60,42
DA:63,42
DA:64,42
DA:75,42
FN:75,MainnetForkWithAaveTestBase._dealUSDCToAddresses
FNDA:42,MainnetForkWithAaveTestBase._dealUSDCToAddresses
DA:76,42
DA:79,42
DA:80,42
DA:81,42
DA:82,42
DA:85,42
DA:86,42
DA:87,42
DA:88,42
DA:91,42
DA:94,42
FN:94,MainnetForkWithAaveTestBase._deployMarketWithKernel
FNDA:42,MainnetForkWithAaveTestBase._deployMarketWithKernel
DA:95,42
DA:98,42
DA:99,42
DA:100,42
DA:101,42
DA:102,42
DA:105,42
DA:120,42
DA:129,42
DA:138,42
DA:148,42
DA:177,42
FN:177,MainnetForkWithAaveTestBase._forkConfiguration
FNDA:42,MainnetForkWithAaveTestBase._forkConfiguration
DA:178,42
DA:179,42
DA:180,42
BRDA:180,0,0,-
DA:181,0
DA:188,1106
FN:188,MainnetForkWithAaveTestBase._generateProvider
FNDA:1106,MainnetForkWithAaveTestBase._generateProvider
DA:189,1106
DA:192,1106
FNF:6
FNH:6
LF:49
LH:48
BRF:1
BRH:0
end_of_record
TN:
SF:test/mock/ERC4626Mock.sol
DA:17,42
FN:17,ERC4626Mock.constructor
FNDA:42,ERC4626Mock.constructor
DA:18,42
DA:21,0
FN:21,ERC4626Mock.setSharePrice
FNDA:0,ERC4626Mock.setSharePrice
DA:22,0
DA:23,0
DA:24,0
BRDA:24,0,0,-
BRDA:24,0,1,-
DA:25,0
DA:26,0
DA:27,0
BRDA:27,1,0,-
DA:28,0
DA:29,0
DA:32,0
BRDA:32,2,0,-
BRDA:32,2,1,-
FNF:2
FNH:1
LF:12
LH:2
BRF:5
BRH:0
end_of_record
